 Fri, 14 Dec 2018 13:38:10  INFO conftest.py login [ line:31 ] ----------------测试开始-----------------
 Fri, 14 Dec 2018 13:38:18  INFO basepage.py wait_eleVisible [ line:22 ] 等待元素可见：//input[@placeholder="请输入您的手机号"],起始时间：2018-12-14 13:38:18.778199,等待时长：0
 Fri, 14 Dec 2018 13:38:18  INFO basepage.py find_element_wait_and_focus [ line:61 ] 开始查找元素：xpath=//input[@placeholder="请输入您的手机号"]
 Fri, 14 Dec 2018 13:38:18  INFO basepage.py wait_eleVisible [ line:22 ] 等待元素可见：//input[@placeholder="请输入您的手机号"],起始时间：2018-12-14 13:38:18.954856,等待时长：0
 Fri, 14 Dec 2018 13:38:18  INFO basepage.py focus [ line:196 ] 登录页面_登录操作：滚动元素xpath=//input[@placeholder="请输入您的手机号"] 到可见区域
 Fri, 14 Dec 2018 13:38:18  INFO basepage.py find_element [ line:50 ] 开始查找元素：xpath=//input[@placeholder="请输入您的手机号"]
 Fri, 14 Dec 2018 13:38:19  INFO basepage.py find_element_wait_and_focus [ line:61 ] 开始查找元素：xpath=//input[@placeholder="请输入密码"]
 Fri, 14 Dec 2018 13:38:19  INFO basepage.py wait_eleVisible [ line:22 ] 等待元素可见：//input[@placeholder="请输入密码"],起始时间：2018-12-14 13:38:19.101643,等待时长：0
 Fri, 14 Dec 2018 13:38:19  INFO basepage.py focus [ line:196 ] 登录页面_登录操作：滚动元素xpath=//input[@placeholder="请输入密码"] 到可见区域
 Fri, 14 Dec 2018 13:38:19  INFO basepage.py find_element [ line:50 ] 开始查找元素：xpath=//input[@placeholder="请输入密码"]
 Fri, 14 Dec 2018 13:38:19  INFO basepage.py click_element [ line:102 ] 执行点击操作！
 Fri, 14 Dec 2018 13:38:19  INFO basepage.py find_element_wait_and_focus [ line:61 ] 开始查找元素：xpath=//button[@class="mint-button mint-button--primary mint-button--large"]
 Fri, 14 Dec 2018 13:38:19  INFO basepage.py wait_eleVisible [ line:22 ] 等待元素可见：//button[@class="mint-button mint-button--primary mint-button--large"],起始时间：2018-12-14 13:38:19.217224,等待时长：0
 Fri, 14 Dec 2018 13:38:19  INFO basepage.py focus [ line:196 ] 登录页面_登录操作：滚动元素xpath=//button[@class="mint-button mint-button--primary mint-button--large"] 到可见区域
 Fri, 14 Dec 2018 13:38:19  INFO basepage.py find_element [ line:50 ] 开始查找元素：xpath=//button[@class="mint-button mint-button--primary mint-button--large"]
 Fri, 14 Dec 2018 13:38:24  INFO basepage.py click_element [ line:102 ] 执行点击操作！
 Fri, 14 Dec 2018 13:38:24  INFO basepage.py find_element_wait_and_focus [ line:61 ] 开始查找元素：xpath=//span[@class="cellTitle"]//span[text()="我的订单"]
 Fri, 14 Dec 2018 13:38:24  INFO basepage.py wait_eleVisible [ line:22 ] 等待元素可见：//span[@class="cellTitle"]//span[text()="我的订单"],起始时间：2018-12-14 13:38:24.312099,等待时长：0
 Fri, 14 Dec 2018 13:38:24  INFO basepage.py focus [ line:196 ] 个人中心页面：滚动元素xpath=//span[@class="cellTitle"]//span[text()="我的订单"] 到可见区域
 Fri, 14 Dec 2018 13:38:24  INFO basepage.py find_element [ line:50 ] 开始查找元素：xpath=//span[@class="cellTitle"]//span[text()="我的订单"]
 Fri, 14 Dec 2018 13:38:24  INFO basepage.py get_text [ line:177 ] 订单页面：获取元素xpath=//span[text()="订单列表"] 的文本内容。
 Fri, 14 Dec 2018 13:38:24  INFO basepage.py find_element_wait_and_focus [ line:61 ] 开始查找元素：xpath=//span[text()="订单列表"]
 Fri, 14 Dec 2018 13:38:24  INFO basepage.py wait_elePrences [ line:38 ] 等待元素存在：//span[text()="订单列表"],起始时间：2018-12-14 13:38:24.393663,等待时长：0
 Fri, 14 Dec 2018 13:38:24  INFO basepage.py focus [ line:196 ] 订单页面：滚动元素xpath=//span[text()="订单列表"] 到可见区域
 Fri, 14 Dec 2018 13:38:24  INFO basepage.py find_element [ line:50 ] 开始查找元素：xpath=//span[text()="订单列表"]
 Fri, 14 Dec 2018 13:38:24  INFO test_searorder.py test_allorder [ line:21 ] 成功进入订单页面
 Fri, 14 Dec 2018 13:38:24  INFO conftest.py login [ line:47 ] ----------------测试结束-----------------
 Fri, 14 Dec 2018 13:40:47  INFO conftest.py login [ line:31 ] ----------------测试开始-----------------
 Fri, 14 Dec 2018 13:40:50  INFO basepage.py wait_eleVisible [ line:22 ] 等待元素可见：//input[@placeholder="请输入您的手机号"],起始时间：2018-12-14 13:40:50.171151,等待时长：0
 Fri, 14 Dec 2018 13:40:50  INFO basepage.py find_element_wait_and_focus [ line:61 ] 开始查找元素：xpath=//input[@placeholder="请输入您的手机号"]
 Fri, 14 Dec 2018 13:40:50  INFO basepage.py wait_eleVisible [ line:22 ] 等待元素可见：//input[@placeholder="请输入您的手机号"],起始时间：2018-12-14 13:40:50.319251,等待时长：0
 Fri, 14 Dec 2018 13:40:50  INFO basepage.py focus [ line:196 ] 登录页面_登录操作：滚动元素xpath=//input[@placeholder="请输入您的手机号"] 到可见区域
 Fri, 14 Dec 2018 13:40:50  INFO basepage.py find_element [ line:50 ] 开始查找元素：xpath=//input[@placeholder="请输入您的手机号"]
 Fri, 14 Dec 2018 13:40:50  INFO basepage.py find_element_wait_and_focus [ line:61 ] 开始查找元素：xpath=//input[@placeholder="请输入密码"]
 Fri, 14 Dec 2018 13:40:50  INFO basepage.py wait_eleVisible [ line:22 ] 等待元素可见：//input[@placeholder="请输入密码"],起始时间：2018-12-14 13:40:50.439739,等待时长：0
 Fri, 14 Dec 2018 13:40:50  INFO basepage.py focus [ line:196 ] 登录页面_登录操作：滚动元素xpath=//input[@placeholder="请输入密码"] 到可见区域
 Fri, 14 Dec 2018 13:40:50  INFO basepage.py find_element [ line:50 ] 开始查找元素：xpath=//input[@placeholder="请输入密码"]
 Fri, 14 Dec 2018 13:40:50  INFO basepage.py click_element [ line:102 ] 执行点击操作！
 Fri, 14 Dec 2018 13:40:50  INFO basepage.py find_element_wait_and_focus [ line:61 ] 开始查找元素：xpath=//button[@class="mint-button mint-button--primary mint-button--large"]
 Fri, 14 Dec 2018 13:40:50  INFO basepage.py wait_eleVisible [ line:22 ] 等待元素可见：//button[@class="mint-button mint-button--primary mint-button--large"],起始时间：2018-12-14 13:40:50.545033,等待时长：0
 Fri, 14 Dec 2018 13:40:50  INFO basepage.py focus [ line:196 ] 登录页面_登录操作：滚动元素xpath=//button[@class="mint-button mint-button--primary mint-button--large"] 到可见区域
 Fri, 14 Dec 2018 13:40:50  INFO basepage.py find_element [ line:50 ] 开始查找元素：xpath=//button[@class="mint-button mint-button--primary mint-button--large"]
 Fri, 14 Dec 2018 13:40:55  INFO basepage.py click_element [ line:102 ] 执行点击操作！
 Fri, 14 Dec 2018 13:40:55  INFO basepage.py find_element_wait_and_focus [ line:61 ] 开始查找元素：xpath=//span[@class="cellTitle"]//span[text()="我的订单"]
 Fri, 14 Dec 2018 13:42:27  INFO conftest.py login [ line:31 ] ----------------测试开始-----------------
 Fri, 14 Dec 2018 13:42:32  INFO basepage.py wait_eleVisible [ line:22 ] 等待元素可见：//input[@placeholder="请输入您的手机号"],起始时间：2018-12-14 13:42:32.410536,等待时长：0
 Fri, 14 Dec 2018 13:42:32  INFO basepage.py find_element_wait_and_focus [ line:61 ] 开始查找元素：xpath=//input[@placeholder="请输入您的手机号"]
 Fri, 14 Dec 2018 13:42:32  INFO basepage.py wait_eleVisible [ line:22 ] 等待元素可见：//input[@placeholder="请输入您的手机号"],起始时间：2018-12-14 13:42:32.536011,等待时长：0
 Fri, 14 Dec 2018 13:42:32  INFO basepage.py focus [ line:196 ] 登录页面_登录操作：滚动元素xpath=//input[@placeholder="请输入您的手机号"] 到可见区域
 Fri, 14 Dec 2018 13:42:32  INFO basepage.py find_element [ line:50 ] 开始查找元素：xpath=//input[@placeholder="请输入您的手机号"]
 Fri, 14 Dec 2018 13:42:32  INFO basepage.py find_element_wait_and_focus [ line:61 ] 开始查找元素：xpath=//input[@placeholder="请输入密码"]
 Fri, 14 Dec 2018 13:42:32  INFO basepage.py wait_eleVisible [ line:22 ] 等待元素可见：//input[@placeholder="请输入密码"],起始时间：2018-12-14 13:42:32.682674,等待时长：0
 Fri, 14 Dec 2018 13:42:32  INFO basepage.py focus [ line:196 ] 登录页面_登录操作：滚动元素xpath=//input[@placeholder="请输入密码"] 到可见区域
 Fri, 14 Dec 2018 13:42:32  INFO basepage.py find_element [ line:50 ] 开始查找元素：xpath=//input[@placeholder="请输入密码"]
 Fri, 14 Dec 2018 13:42:32  INFO basepage.py click_element [ line:102 ] 执行点击操作！
 Fri, 14 Dec 2018 13:42:32  INFO basepage.py find_element_wait_and_focus [ line:61 ] 开始查找元素：xpath=//button[@class="mint-button mint-button--primary mint-button--large"]
 Fri, 14 Dec 2018 13:42:32  INFO basepage.py wait_eleVisible [ line:22 ] 等待元素可见：//button[@class="mint-button mint-button--primary mint-button--large"],起始时间：2018-12-14 13:42:32.803622,等待时长：0
 Fri, 14 Dec 2018 13:42:32  INFO basepage.py focus [ line:196 ] 登录页面_登录操作：滚动元素xpath=//button[@class="mint-button mint-button--primary mint-button--large"] 到可见区域
 Fri, 14 Dec 2018 13:42:32  INFO basepage.py find_element [ line:50 ] 开始查找元素：xpath=//button[@class="mint-button mint-button--primary mint-button--large"]
 Fri, 14 Dec 2018 13:42:37  INFO basepage.py click_element [ line:102 ] 执行点击操作！
 Fri, 14 Dec 2018 13:42:37  INFO basepage.py find_element_wait_and_focus [ line:61 ] 开始查找元素：xpath=//span[@class="cellTitle"]//span[text()="我的订单"]
 Fri, 14 Dec 2018 13:42:37  INFO basepage.py wait_eleVisible [ line:22 ] 等待元素可见：//span[@class="cellTitle"]//span[text()="我的订单"],起始时间：2018-12-14 13:42:37.897129,等待时长：0
 Fri, 14 Dec 2018 13:42:37  INFO basepage.py focus [ line:196 ] 个人中心页面：滚动元素xpath=//span[@class="cellTitle"]//span[text()="我的订单"] 到可见区域
 Fri, 14 Dec 2018 13:42:37  INFO basepage.py find_element [ line:50 ] 开始查找元素：xpath=//span[@class="cellTitle"]//span[text()="我的订单"]
 Fri, 14 Dec 2018 13:42:37  INFO basepage.py click_element [ line:102 ] 执行点击操作！
 Fri, 14 Dec 2018 13:42:37  INFO basepage.py find_element_wait_and_focus [ line:61 ] 开始查找元素：xpath=//span[text()="待付款"]
 Fri, 14 Dec 2018 13:42:38  INFO basepage.py wait_elePrences [ line:38 ] 等待元素存在：//span[text()="待付款"],起始时间：2018-12-14 13:42:37.976037,等待时长：0
 Fri, 14 Dec 2018 13:42:38  INFO basepage.py focus [ line:196 ] 订单页面：滚动元素xpath=//span[text()="待付款"] 到可见区域
 Fri, 14 Dec 2018 13:42:38  INFO basepage.py find_element [ line:50 ] 开始查找元素：xpath=//span[text()="待付款"]
 Fri, 14 Dec 2018 13:42:38  INFO test_searorder.py test_pending [ line:35 ] 成功查询待付款订单
 Fri, 14 Dec 2018 13:42:38  INFO conftest.py login [ line:47 ] ----------------测试结束-----------------
