 Thu, 13 Dec 2018 15:28:44  INFO conftest.py page [ line:14 ] ----------------测试开始-----------------
 Thu, 13 Dec 2018 15:28:49  INFO basepage.py wait_eleVisible [ line:22 ] 等待元素可见：//input[@placeholder="请输入您的手机号"],起始时间：2018-12-13 15:28:48.833708,等待时长：0
 Thu, 13 Dec 2018 15:28:49  INFO basepage.py find_element_wait_and_focus [ line:61 ] 开始查找元素：xpath=//input[@placeholder="请输入您的手机号"]
 Thu, 13 Dec 2018 15:28:49  INFO basepage.py wait_eleVisible [ line:22 ] 等待元素可见：//input[@placeholder="请输入您的手机号"],起始时间：2018-12-13 15:28:49.373630,等待时长：0
 Thu, 13 Dec 2018 15:28:49  INFO basepage.py focus [ line:196 ] 登录页面_登录操作：滚动元素xpath=//input[@placeholder="请输入您的手机号"] 到可见区域
 Thu, 13 Dec 2018 15:28:49  INFO basepage.py find_element [ line:50 ] 开始查找元素：xpath=//input[@placeholder="请输入您的手机号"]
 Thu, 13 Dec 2018 15:28:49  INFO basepage.py find_element_wait_and_focus [ line:61 ] 开始查找元素：xpath=//input[@placeholder="请输入密码"]
 Thu, 13 Dec 2018 15:28:49  INFO basepage.py wait_eleVisible [ line:22 ] 等待元素可见：//input[@placeholder="请输入密码"],起始时间：2018-12-13 15:28:49.511976,等待时长：0
 Thu, 13 Dec 2018 15:28:49  INFO basepage.py focus [ line:196 ] 登录页面_登录操作：滚动元素xpath=//input[@placeholder="请输入密码"] 到可见区域
 Thu, 13 Dec 2018 15:28:49  INFO basepage.py find_element [ line:50 ] 开始查找元素：xpath=//input[@placeholder="请输入密码"]
 Thu, 13 Dec 2018 15:28:49  INFO basepage.py click_element [ line:102 ] 执行点击操作！
 Thu, 13 Dec 2018 15:28:49  INFO basepage.py find_element_wait_and_focus [ line:61 ] 开始查找元素：xpath=//button[@class="mint-button mint-button--primary mint-button--large"]
 Thu, 13 Dec 2018 15:28:49  INFO basepage.py wait_eleVisible [ line:22 ] 等待元素可见：//button[@class="mint-button mint-button--primary mint-button--large"],起始时间：2018-12-13 15:28:49.621191,等待时长：0
 Thu, 13 Dec 2018 15:28:49  INFO basepage.py focus [ line:196 ] 登录页面_登录操作：滚动元素xpath=//button[@class="mint-button mint-button--primary mint-button--large"] 到可见区域
 Thu, 13 Dec 2018 15:28:49  INFO basepage.py find_element [ line:50 ] 开始查找元素：xpath=//button[@class="mint-button mint-button--primary mint-button--large"]
 Thu, 13 Dec 2018 15:28:49  INFO test_login.py test_login_success [ line:21 ] 开始断言
 Thu, 13 Dec 2018 15:29:19  ERROR basepage.py wait_eleVisible [ line:25 ] 等待元素可见异常
Traceback (most recent call last):
  File "/Users/lx/Desktop/workspace/源码/intbee-test-script/Test-UI/Common/basepage.py", line 19, in wait_eleVisible
    WebDriverWait(self.driver, wait, requence).until(EC.visibility_of_element_located((by, locator)))
  File "/Library/Frameworks/Python.framework/Versions/3.6/lib/python3.6/site-packages/selenium/webdriver/support/wait.py", line 80, in until
    raise TimeoutException(message, screen, stacktrace)
selenium.common.exceptions.TimeoutException: Message: 

 Thu, 13 Dec 2018 15:29:20  INFO basepage.py _save_screenShot [ line:216 ] 截图成功,路径为：/Users/lx/Desktop/workspace/源码/intbee-test-script/Test-UI/ScreenShot/个人中心页面_2018-12-13-15-29-19.png
 Thu, 13 Dec 2018 15:29:20  INFO common.py save_screenShot [ line:14 ] 截图成功,路径为：/Users/lx/Desktop/workspace/源码/intbee-test-script/Test-UI/ScreenShot/登录页面_2018-12-13-15-29-20.png
 Thu, 13 Dec 2018 15:29:20  INFO conftest.py page [ line:24 ] ----------------测试结束-----------------
 Thu, 13 Dec 2018 15:29:21  INFO conftest.py page [ line:14 ] ----------------测试开始-----------------
 Thu, 13 Dec 2018 15:29:24  INFO basepage.py wait_eleVisible [ line:22 ] 等待元素可见：//input[@placeholder="请输入您的手机号"],起始时间：2018-12-13 15:29:24.358026,等待时长：0
 Thu, 13 Dec 2018 15:29:24  INFO basepage.py find_element_wait_and_focus [ line:61 ] 开始查找元素：xpath=//input[@placeholder="请输入您的手机号"]
 Thu, 13 Dec 2018 15:29:24  INFO basepage.py wait_eleVisible [ line:22 ] 等待元素可见：//input[@placeholder="请输入您的手机号"],起始时间：2018-12-13 15:29:24.911107,等待时长：0
 Thu, 13 Dec 2018 15:29:24  INFO basepage.py focus [ line:196 ] 登录页面_登录操作：滚动元素xpath=//input[@placeholder="请输入您的手机号"] 到可见区域
 Thu, 13 Dec 2018 15:29:24  INFO basepage.py find_element [ line:50 ] 开始查找元素：xpath=//input[@placeholder="请输入您的手机号"]
 Thu, 13 Dec 2018 15:29:25  INFO basepage.py find_element_wait_and_focus [ line:61 ] 开始查找元素：xpath=//input[@placeholder="请输入密码"]
 Thu, 13 Dec 2018 15:29:25  INFO basepage.py wait_eleVisible [ line:22 ] 等待元素可见：//input[@placeholder="请输入密码"],起始时间：2018-12-13 15:29:25.032401,等待时长：0
 Thu, 13 Dec 2018 15:29:25  INFO basepage.py focus [ line:196 ] 登录页面_登录操作：滚动元素xpath=//input[@placeholder="请输入密码"] 到可见区域
 Thu, 13 Dec 2018 15:29:25  INFO basepage.py find_element [ line:50 ] 开始查找元素：xpath=//input[@placeholder="请输入密码"]
 Thu, 13 Dec 2018 15:29:25  INFO basepage.py click_element [ line:102 ] 执行点击操作！
 Thu, 13 Dec 2018 15:29:25  INFO basepage.py find_element_wait_and_focus [ line:61 ] 开始查找元素：xpath=//button[@class="mint-button mint-button--primary mint-button--large"]
 Thu, 13 Dec 2018 15:29:25  INFO basepage.py wait_eleVisible [ line:22 ] 等待元素可见：//button[@class="mint-button mint-button--primary mint-button--large"],起始时间：2018-12-13 15:29:25.147711,等待时长：0
 Thu, 13 Dec 2018 15:29:25  INFO basepage.py focus [ line:196 ] 登录页面_登录操作：滚动元素xpath=//button[@class="mint-button mint-button--primary mint-button--large"] 到可见区域
 Thu, 13 Dec 2018 15:29:25  INFO basepage.py find_element [ line:50 ] 开始查找元素：xpath=//button[@class="mint-button mint-button--primary mint-button--large"]
 Thu, 13 Dec 2018 15:29:25  INFO test_login.py test_login_success [ line:21 ] 开始断言
 Thu, 13 Dec 2018 15:29:55  ERROR basepage.py wait_eleVisible [ line:25 ] 等待元素可见异常
Traceback (most recent call last):
  File "/Users/lx/Desktop/workspace/源码/intbee-test-script/Test-UI/Common/basepage.py", line 19, in wait_eleVisible
    WebDriverWait(self.driver, wait, requence).until(EC.visibility_of_element_located((by, locator)))
  File "/Library/Frameworks/Python.framework/Versions/3.6/lib/python3.6/site-packages/selenium/webdriver/support/wait.py", line 80, in until
    raise TimeoutException(message, screen, stacktrace)
selenium.common.exceptions.TimeoutException: Message: 

 Thu, 13 Dec 2018 15:29:55  INFO basepage.py _save_screenShot [ line:216 ] 截图成功,路径为：/Users/lx/Desktop/workspace/源码/intbee-test-script/Test-UI/ScreenShot/个人中心页面_2018-12-13-15-29-55.png
 Thu, 13 Dec 2018 15:29:56  INFO common.py save_screenShot [ line:14 ] 截图成功,路径为：/Users/lx/Desktop/workspace/源码/intbee-test-script/Test-UI/ScreenShot/登录页面_2018-12-13-15-29-55.png
 Thu, 13 Dec 2018 15:29:56  INFO conftest.py page [ line:24 ] ----------------测试结束-----------------
 Thu, 13 Dec 2018 15:29:56  INFO conftest.py page [ line:14 ] ----------------测试开始-----------------
 Thu, 13 Dec 2018 15:29:59  INFO basepage.py wait_eleVisible [ line:22 ] 等待元素可见：//input[@placeholder="请输入您的手机号"],起始时间：2018-12-13 15:29:59.547872,等待时长：0
 Thu, 13 Dec 2018 15:29:59  INFO basepage.py find_element_wait_and_focus [ line:61 ] 开始查找元素：xpath=//input[@placeholder="请输入您的手机号"]
 Thu, 13 Dec 2018 15:29:59  INFO basepage.py wait_eleVisible [ line:22 ] 等待元素可见：//input[@placeholder="请输入您的手机号"],起始时间：2018-12-13 15:29:59.738746,等待时长：0
 Thu, 13 Dec 2018 15:29:59  INFO basepage.py focus [ line:196 ] 登录页面_登录操作：滚动元素xpath=//input[@placeholder="请输入您的手机号"] 到可见区域
 Thu, 13 Dec 2018 15:29:59  INFO basepage.py find_element [ line:50 ] 开始查找元素：xpath=//input[@placeholder="请输入您的手机号"]
 Thu, 13 Dec 2018 15:29:59  INFO basepage.py find_element_wait_and_focus [ line:61 ] 开始查找元素：xpath=//input[@placeholder="请输入密码"]
 Thu, 13 Dec 2018 15:29:59  INFO basepage.py wait_eleVisible [ line:22 ] 等待元素可见：//input[@placeholder="请输入密码"],起始时间：2018-12-13 15:29:59.857915,等待时长：0
 Thu, 13 Dec 2018 15:29:59  INFO basepage.py focus [ line:196 ] 登录页面_登录操作：滚动元素xpath=//input[@placeholder="请输入密码"] 到可见区域
 Thu, 13 Dec 2018 15:29:59  INFO basepage.py find_element [ line:50 ] 开始查找元素：xpath=//input[@placeholder="请输入密码"]
 Thu, 13 Dec 2018 15:29:59  INFO basepage.py click_element [ line:102 ] 执行点击操作！
 Thu, 13 Dec 2018 15:29:59  INFO basepage.py find_element_wait_and_focus [ line:61 ] 开始查找元素：xpath=//button[@class="mint-button mint-button--primary mint-button--large"]
 Thu, 13 Dec 2018 15:29:59  INFO basepage.py wait_eleVisible [ line:22 ] 等待元素可见：//button[@class="mint-button mint-button--primary mint-button--large"],起始时间：2018-12-13 15:29:59.968903,等待时长：0
 Thu, 13 Dec 2018 15:29:59  INFO basepage.py focus [ line:196 ] 登录页面_登录操作：滚动元素xpath=//button[@class="mint-button mint-button--primary mint-button--large"] 到可见区域
 Thu, 13 Dec 2018 15:29:59  INFO basepage.py find_element [ line:50 ] 开始查找元素：xpath=//button[@class="mint-button mint-button--primary mint-button--large"]
 Thu, 13 Dec 2018 15:30:00  INFO test_login.py test_login_success [ line:21 ] 开始断言
 Thu, 13 Dec 2018 15:30:30  ERROR basepage.py wait_eleVisible [ line:25 ] 等待元素可见异常
Traceback (most recent call last):
  File "/Users/lx/Desktop/workspace/源码/intbee-test-script/Test-UI/Common/basepage.py", line 19, in wait_eleVisible
    WebDriverWait(self.driver, wait, requence).until(EC.visibility_of_element_located((by, locator)))
  File "/Library/Frameworks/Python.framework/Versions/3.6/lib/python3.6/site-packages/selenium/webdriver/support/wait.py", line 80, in until
    raise TimeoutException(message, screen, stacktrace)
selenium.common.exceptions.TimeoutException: Message: 

 Thu, 13 Dec 2018 15:30:30  INFO basepage.py _save_screenShot [ line:216 ] 截图成功,路径为：/Users/lx/Desktop/workspace/源码/intbee-test-script/Test-UI/ScreenShot/个人中心页面_2018-12-13-15-30-30.png
 Thu, 13 Dec 2018 15:30:31  INFO common.py save_screenShot [ line:14 ] 截图成功,路径为：/Users/lx/Desktop/workspace/源码/intbee-test-script/Test-UI/ScreenShot/登录页面_2018-12-13-15-30-30.png
 Thu, 13 Dec 2018 15:30:31  INFO conftest.py page [ line:24 ] ----------------测试结束-----------------
 Thu, 13 Dec 2018 15:30:31  INFO conftest.py page [ line:14 ] ----------------测试开始-----------------
 Thu, 13 Dec 2018 15:30:34  INFO basepage.py wait_eleVisible [ line:22 ] 等待元素可见：//input[@placeholder="请输入您的手机号"],起始时间：2018-12-13 15:30:34.116268,等待时长：0
 Thu, 13 Dec 2018 15:30:34  INFO basepage.py find_element_wait_and_focus [ line:61 ] 开始查找元素：xpath=//input[@placeholder="请输入您的手机号"]
 Thu, 13 Dec 2018 15:30:34  INFO basepage.py wait_eleVisible [ line:22 ] 等待元素可见：//input[@placeholder="请输入您的手机号"],起始时间：2018-12-13 15:30:34.657766,等待时长：0
 Thu, 13 Dec 2018 15:30:34  INFO basepage.py focus [ line:196 ] 登录页面_登录操作：滚动元素xpath=//input[@placeholder="请输入您的手机号"] 到可见区域
 Thu, 13 Dec 2018 15:30:34  INFO basepage.py find_element [ line:50 ] 开始查找元素：xpath=//input[@placeholder="请输入您的手机号"]
 Thu, 13 Dec 2018 15:30:34  INFO basepage.py find_element_wait_and_focus [ line:61 ] 开始查找元素：xpath=//input[@placeholder="请输入密码"]
 Thu, 13 Dec 2018 15:30:34  INFO basepage.py wait_eleVisible [ line:22 ] 等待元素可见：//input[@placeholder="请输入密码"],起始时间：2018-12-13 15:30:34.780249,等待时长：0
 Thu, 13 Dec 2018 15:30:34  INFO basepage.py focus [ line:196 ] 登录页面_登录操作：滚动元素xpath=//input[@placeholder="请输入密码"] 到可见区域
 Thu, 13 Dec 2018 15:30:34  INFO basepage.py find_element [ line:50 ] 开始查找元素：xpath=//input[@placeholder="请输入密码"]
 Thu, 13 Dec 2018 15:30:34  INFO basepage.py click_element [ line:102 ] 执行点击操作！
 Thu, 13 Dec 2018 15:30:34  INFO basepage.py find_element_wait_and_focus [ line:61 ] 开始查找元素：xpath=//button[@class="mint-button mint-button--primary mint-button--large"]
 Thu, 13 Dec 2018 15:30:34  INFO basepage.py wait_eleVisible [ line:22 ] 等待元素可见：//button[@class="mint-button mint-button--primary mint-button--large"],起始时间：2018-12-13 15:30:34.883526,等待时长：0
 Thu, 13 Dec 2018 15:30:34  INFO basepage.py focus [ line:196 ] 登录页面_登录操作：滚动元素xpath=//button[@class="mint-button mint-button--primary mint-button--large"] 到可见区域
 Thu, 13 Dec 2018 15:30:34  INFO basepage.py find_element [ line:50 ] 开始查找元素：xpath=//button[@class="mint-button mint-button--primary mint-button--large"]
 Thu, 13 Dec 2018 15:30:34  INFO test_login.py test_usernotin [ line:38 ] 开始断言
 Thu, 13 Dec 2018 15:30:34  INFO basepage.py get_text [ line:177 ] 登录页面_toast：获取元素xpath=//div[@class="bodyToast"] 的文本内容。
 Thu, 13 Dec 2018 15:30:34  INFO basepage.py find_element_wait_and_focus [ line:61 ] 开始查找元素：xpath=//div[@class="bodyToast"]
 Thu, 13 Dec 2018 15:31:05  ERROR basepage.py wait_eleVisible [ line:25 ] 等待元素可见异常
Traceback (most recent call last):
  File "/Users/lx/Desktop/workspace/源码/intbee-test-script/Test-UI/Common/basepage.py", line 19, in wait_eleVisible
    WebDriverWait(self.driver, wait, requence).until(EC.visibility_of_element_located((by, locator)))
  File "/Library/Frameworks/Python.framework/Versions/3.6/lib/python3.6/site-packages/selenium/webdriver/support/wait.py", line 80, in until
    raise TimeoutException(message, screen, stacktrace)
selenium.common.exceptions.TimeoutException: Message: 

 Thu, 13 Dec 2018 15:31:05  INFO basepage.py _save_screenShot [ line:216 ] 截图成功,路径为：/Users/lx/Desktop/workspace/源码/intbee-test-script/Test-UI/ScreenShot/登录页面_toast_2018-12-13-15-31-05.png
 Thu, 13 Dec 2018 15:31:06  INFO common.py save_screenShot [ line:14 ] 截图成功,路径为：/Users/lx/Desktop/workspace/源码/intbee-test-script/Test-UI/ScreenShot/登录页面_2018-12-13-15-31-05.png
 Thu, 13 Dec 2018 15:31:06  INFO conftest.py page [ line:24 ] ----------------测试结束-----------------
 Thu, 13 Dec 2018 15:31:06  INFO conftest.py page [ line:14 ] ----------------测试开始-----------------
 Thu, 13 Dec 2018 15:31:10  INFO basepage.py wait_eleVisible [ line:22 ] 等待元素可见：//input[@placeholder="请输入您的手机号"],起始时间：2018-12-13 15:31:10.262771,等待时长：0
 Thu, 13 Dec 2018 15:31:10  INFO basepage.py find_element_wait_and_focus [ line:61 ] 开始查找元素：xpath=//input[@placeholder="请输入您的手机号"]
 Thu, 13 Dec 2018 15:31:10  INFO basepage.py wait_eleVisible [ line:22 ] 等待元素可见：//input[@placeholder="请输入您的手机号"],起始时间：2018-12-13 15:31:10.425086,等待时长：0
 Thu, 13 Dec 2018 15:31:10  INFO basepage.py focus [ line:196 ] 登录页面_登录操作：滚动元素xpath=//input[@placeholder="请输入您的手机号"] 到可见区域
 Thu, 13 Dec 2018 15:31:10  INFO basepage.py find_element [ line:50 ] 开始查找元素：xpath=//input[@placeholder="请输入您的手机号"]
 Thu, 13 Dec 2018 15:31:10  INFO basepage.py find_element_wait_and_focus [ line:61 ] 开始查找元素：xpath=//input[@placeholder="请输入密码"]
 Thu, 13 Dec 2018 15:31:10  INFO basepage.py wait_eleVisible [ line:22 ] 等待元素可见：//input[@placeholder="请输入密码"],起始时间：2018-12-13 15:31:10.548417,等待时长：0
 Thu, 13 Dec 2018 15:31:10  INFO basepage.py focus [ line:196 ] 登录页面_登录操作：滚动元素xpath=//input[@placeholder="请输入密码"] 到可见区域
 Thu, 13 Dec 2018 15:31:10  INFO basepage.py find_element [ line:50 ] 开始查找元素：xpath=//input[@placeholder="请输入密码"]
 Thu, 13 Dec 2018 15:31:10  INFO basepage.py click_element [ line:102 ] 执行点击操作！
 Thu, 13 Dec 2018 15:31:10  INFO basepage.py find_element_wait_and_focus [ line:61 ] 开始查找元素：xpath=//button[@class="mint-button mint-button--primary mint-button--large"]
 Thu, 13 Dec 2018 15:31:10  INFO basepage.py wait_eleVisible [ line:22 ] 等待元素可见：//button[@class="mint-button mint-button--primary mint-button--large"],起始时间：2018-12-13 15:31:10.659073,等待时长：0
 Thu, 13 Dec 2018 15:31:10  INFO basepage.py focus [ line:196 ] 登录页面_登录操作：滚动元素xpath=//button[@class="mint-button mint-button--primary mint-button--large"] 到可见区域
 Thu, 13 Dec 2018 15:31:10  INFO basepage.py find_element [ line:50 ] 开始查找元素：xpath=//button[@class="mint-button mint-button--primary mint-button--large"]
 Thu, 13 Dec 2018 15:31:10  INFO test_login.py test_usernotin [ line:38 ] 开始断言
 Thu, 13 Dec 2018 15:31:10  INFO basepage.py get_text [ line:177 ] 登录页面_toast：获取元素xpath=//div[@class="bodyToast"] 的文本内容。
 Thu, 13 Dec 2018 15:31:10  INFO basepage.py find_element_wait_and_focus [ line:61 ] 开始查找元素：xpath=//div[@class="bodyToast"]
 Thu, 13 Dec 2018 15:31:40  ERROR basepage.py wait_eleVisible [ line:25 ] 等待元素可见异常
Traceback (most recent call last):
  File "/Users/lx/Desktop/workspace/源码/intbee-test-script/Test-UI/Common/basepage.py", line 19, in wait_eleVisible
    WebDriverWait(self.driver, wait, requence).until(EC.visibility_of_element_located((by, locator)))
  File "/Library/Frameworks/Python.framework/Versions/3.6/lib/python3.6/site-packages/selenium/webdriver/support/wait.py", line 80, in until
    raise TimeoutException(message, screen, stacktrace)
selenium.common.exceptions.TimeoutException: Message: 

 Thu, 13 Dec 2018 15:31:41  INFO basepage.py _save_screenShot [ line:216 ] 截图成功,路径为：/Users/lx/Desktop/workspace/源码/intbee-test-script/Test-UI/ScreenShot/登录页面_toast_2018-12-13-15-31-40.png
 Thu, 13 Dec 2018 15:31:41  INFO common.py save_screenShot [ line:14 ] 截图成功,路径为：/Users/lx/Desktop/workspace/源码/intbee-test-script/Test-UI/ScreenShot/登录页面_2018-12-13-15-31-41.png
 Thu, 13 Dec 2018 15:31:41  INFO conftest.py page [ line:24 ] ----------------测试结束-----------------
 Thu, 13 Dec 2018 15:31:41  INFO conftest.py page [ line:14 ] ----------------测试开始-----------------
 Thu, 13 Dec 2018 15:31:45  INFO basepage.py wait_eleVisible [ line:22 ] 等待元素可见：//input[@placeholder="请输入您的手机号"],起始时间：2018-12-13 15:31:44.909538,等待时长：0
 Thu, 13 Dec 2018 15:31:45  INFO basepage.py find_element_wait_and_focus [ line:61 ] 开始查找元素：xpath=//input[@placeholder="请输入您的手机号"]
 Thu, 13 Dec 2018 15:31:45  INFO basepage.py wait_eleVisible [ line:22 ] 等待元素可见：//input[@placeholder="请输入您的手机号"],起始时间：2018-12-13 15:31:45.079416,等待时长：0
 Thu, 13 Dec 2018 15:31:45  INFO basepage.py focus [ line:196 ] 登录页面_登录操作：滚动元素xpath=//input[@placeholder="请输入您的手机号"] 到可见区域
 Thu, 13 Dec 2018 15:31:45  INFO basepage.py find_element [ line:50 ] 开始查找元素：xpath=//input[@placeholder="请输入您的手机号"]
 Thu, 13 Dec 2018 15:31:45  INFO basepage.py find_element_wait_and_focus [ line:61 ] 开始查找元素：xpath=//input[@placeholder="请输入密码"]
 Thu, 13 Dec 2018 15:31:45  INFO basepage.py wait_eleVisible [ line:22 ] 等待元素可见：//input[@placeholder="请输入密码"],起始时间：2018-12-13 15:31:45.220112,等待时长：0
 Thu, 13 Dec 2018 15:31:45  INFO basepage.py focus [ line:196 ] 登录页面_登录操作：滚动元素xpath=//input[@placeholder="请输入密码"] 到可见区域
 Thu, 13 Dec 2018 15:31:45  INFO basepage.py find_element [ line:50 ] 开始查找元素：xpath=//input[@placeholder="请输入密码"]
 Thu, 13 Dec 2018 15:31:45  INFO basepage.py click_element [ line:102 ] 执行点击操作！
 Thu, 13 Dec 2018 15:31:45  INFO basepage.py find_element_wait_and_focus [ line:61 ] 开始查找元素：xpath=//button[@class="mint-button mint-button--primary mint-button--large"]
 Thu, 13 Dec 2018 15:31:45  INFO basepage.py wait_eleVisible [ line:22 ] 等待元素可见：//button[@class="mint-button mint-button--primary mint-button--large"],起始时间：2018-12-13 15:31:45.328157,等待时长：0
 Thu, 13 Dec 2018 15:31:45  INFO basepage.py focus [ line:196 ] 登录页面_登录操作：滚动元素xpath=//button[@class="mint-button mint-button--primary mint-button--large"] 到可见区域
 Thu, 13 Dec 2018 15:31:45  INFO basepage.py find_element [ line:50 ] 开始查找元素：xpath=//button[@class="mint-button mint-button--primary mint-button--large"]
 Thu, 13 Dec 2018 15:31:45  INFO test_login.py test_usernotin [ line:38 ] 开始断言
 Thu, 13 Dec 2018 15:31:45  INFO basepage.py get_text [ line:177 ] 登录页面_toast：获取元素xpath=//div[@class="bodyToast"] 的文本内容。
 Thu, 13 Dec 2018 15:31:45  INFO basepage.py find_element_wait_and_focus [ line:61 ] 开始查找元素：xpath=//div[@class="bodyToast"]
 Thu, 13 Dec 2018 15:32:15  ERROR basepage.py wait_eleVisible [ line:25 ] 等待元素可见异常
Traceback (most recent call last):
  File "/Users/lx/Desktop/workspace/源码/intbee-test-script/Test-UI/Common/basepage.py", line 19, in wait_eleVisible
    WebDriverWait(self.driver, wait, requence).until(EC.visibility_of_element_located((by, locator)))
  File "/Library/Frameworks/Python.framework/Versions/3.6/lib/python3.6/site-packages/selenium/webdriver/support/wait.py", line 80, in until
    raise TimeoutException(message, screen, stacktrace)
selenium.common.exceptions.TimeoutException: Message: 

 Thu, 13 Dec 2018 15:32:16  INFO basepage.py _save_screenShot [ line:216 ] 截图成功,路径为：/Users/lx/Desktop/workspace/源码/intbee-test-script/Test-UI/ScreenShot/登录页面_toast_2018-12-13-15-32-15.png
 Thu, 13 Dec 2018 15:32:16  INFO common.py save_screenShot [ line:14 ] 截图成功,路径为：/Users/lx/Desktop/workspace/源码/intbee-test-script/Test-UI/ScreenShot/登录页面_2018-12-13-15-32-16.png
 Thu, 13 Dec 2018 15:32:16  INFO conftest.py page [ line:24 ] ----------------测试结束-----------------
 Thu, 13 Dec 2018 15:32:16  INFO conftest.py page [ line:14 ] ----------------测试开始-----------------
 Thu, 13 Dec 2018 15:32:20  INFO basepage.py wait_eleVisible [ line:22 ] 等待元素可见：//input[@placeholder="请输入您的手机号"],起始时间：2018-12-13 15:32:20.154466,等待时长：0
 Thu, 13 Dec 2018 15:32:20  INFO basepage.py find_element_wait_and_focus [ line:61 ] 开始查找元素：xpath=//input[@placeholder="请输入您的手机号"]
 Thu, 13 Dec 2018 15:32:20  INFO basepage.py wait_eleVisible [ line:22 ] 等待元素可见：//input[@placeholder="请输入您的手机号"],起始时间：2018-12-13 15:32:20.327340,等待时长：0
 Thu, 13 Dec 2018 15:32:20  INFO basepage.py focus [ line:196 ] 登录页面_登录操作：滚动元素xpath=//input[@placeholder="请输入您的手机号"] 到可见区域
 Thu, 13 Dec 2018 15:32:20  INFO basepage.py find_element [ line:50 ] 开始查找元素：xpath=//input[@placeholder="请输入您的手机号"]
 Thu, 13 Dec 2018 15:32:20  INFO basepage.py find_element_wait_and_focus [ line:61 ] 开始查找元素：xpath=//input[@placeholder="请输入密码"]
 Thu, 13 Dec 2018 15:32:20  INFO basepage.py wait_eleVisible [ line:22 ] 等待元素可见：//input[@placeholder="请输入密码"],起始时间：2018-12-13 15:32:20.405908,等待时长：0
 Thu, 13 Dec 2018 15:32:20  INFO basepage.py focus [ line:196 ] 登录页面_登录操作：滚动元素xpath=//input[@placeholder="请输入密码"] 到可见区域
 Thu, 13 Dec 2018 15:32:20  INFO basepage.py find_element [ line:50 ] 开始查找元素：xpath=//input[@placeholder="请输入密码"]
 Thu, 13 Dec 2018 15:32:20  INFO basepage.py click_element [ line:102 ] 执行点击操作！
 Thu, 13 Dec 2018 15:32:20  INFO basepage.py find_element_wait_and_focus [ line:61 ] 开始查找元素：xpath=//button[@class="mint-button mint-button--primary mint-button--large"]
 Thu, 13 Dec 2018 15:32:20  INFO basepage.py wait_eleVisible [ line:22 ] 等待元素可见：//button[@class="mint-button mint-button--primary mint-button--large"],起始时间：2018-12-13 15:32:20.524956,等待时长：0
 Thu, 13 Dec 2018 15:32:20  INFO basepage.py focus [ line:196 ] 登录页面_登录操作：滚动元素xpath=//button[@class="mint-button mint-button--primary mint-button--large"] 到可见区域
 Thu, 13 Dec 2018 15:32:20  INFO basepage.py find_element [ line:50 ] 开始查找元素：xpath=//button[@class="mint-button mint-button--primary mint-button--large"]
 Thu, 13 Dec 2018 15:32:20  INFO test_login.py test_usernotin [ line:38 ] 开始断言
 Thu, 13 Dec 2018 15:32:20  INFO basepage.py get_text [ line:177 ] 登录页面_toast：获取元素xpath=//div[@class="bodyToast"] 的文本内容。
 Thu, 13 Dec 2018 15:32:20  INFO basepage.py find_element_wait_and_focus [ line:61 ] 开始查找元素：xpath=//div[@class="bodyToast"]
 Thu, 13 Dec 2018 15:32:50  ERROR basepage.py wait_eleVisible [ line:25 ] 等待元素可见异常
Traceback (most recent call last):
  File "/Users/lx/Desktop/workspace/源码/intbee-test-script/Test-UI/Common/basepage.py", line 19, in wait_eleVisible
    WebDriverWait(self.driver, wait, requence).until(EC.visibility_of_element_located((by, locator)))
  File "/Library/Frameworks/Python.framework/Versions/3.6/lib/python3.6/site-packages/selenium/webdriver/support/wait.py", line 80, in until
    raise TimeoutException(message, screen, stacktrace)
selenium.common.exceptions.TimeoutException: Message: 

 Thu, 13 Dec 2018 15:32:51  INFO basepage.py _save_screenShot [ line:216 ] 截图成功,路径为：/Users/lx/Desktop/workspace/源码/intbee-test-script/Test-UI/ScreenShot/登录页面_toast_2018-12-13-15-32-50.png
 Thu, 13 Dec 2018 15:32:51  INFO common.py save_screenShot [ line:14 ] 截图成功,路径为：/Users/lx/Desktop/workspace/源码/intbee-test-script/Test-UI/ScreenShot/登录页面_2018-12-13-15-32-51.png
 Thu, 13 Dec 2018 15:32:51  INFO conftest.py page [ line:24 ] ----------------测试结束-----------------
 Thu, 13 Dec 2018 15:32:51  INFO conftest.py page [ line:14 ] ----------------测试开始-----------------
 Thu, 13 Dec 2018 15:32:55  INFO basepage.py wait_eleVisible [ line:22 ] 等待元素可见：//input[@placeholder="请输入您的手机号"],起始时间：2018-12-13 15:32:55.645402,等待时长：0
 Thu, 13 Dec 2018 15:32:55  INFO basepage.py find_element_wait_and_focus [ line:61 ] 开始查找元素：xpath=//input[@placeholder="请输入您的手机号"]
 Thu, 13 Dec 2018 15:32:55  INFO basepage.py wait_eleVisible [ line:22 ] 等待元素可见：//input[@placeholder="请输入您的手机号"],起始时间：2018-12-13 15:32:55.815016,等待时长：0
 Thu, 13 Dec 2018 15:32:55  INFO basepage.py focus [ line:196 ] 登录页面_登录操作：滚动元素xpath=//input[@placeholder="请输入您的手机号"] 到可见区域
 Thu, 13 Dec 2018 15:32:55  INFO basepage.py find_element [ line:50 ] 开始查找元素：xpath=//input[@placeholder="请输入您的手机号"]
 Thu, 13 Dec 2018 15:32:55  INFO basepage.py find_element_wait_and_focus [ line:61 ] 开始查找元素：xpath=//input[@placeholder="请输入密码"]
 Thu, 13 Dec 2018 15:32:55  INFO basepage.py wait_eleVisible [ line:22 ] 等待元素可见：//input[@placeholder="请输入密码"],起始时间：2018-12-13 15:32:55.895699,等待时长：0
 Thu, 13 Dec 2018 15:32:55  INFO basepage.py focus [ line:196 ] 登录页面_登录操作：滚动元素xpath=//input[@placeholder="请输入密码"] 到可见区域
 Thu, 13 Dec 2018 15:32:55  INFO basepage.py find_element [ line:50 ] 开始查找元素：xpath=//input[@placeholder="请输入密码"]
 Thu, 13 Dec 2018 15:32:56  INFO basepage.py click_element [ line:102 ] 执行点击操作！
 Thu, 13 Dec 2018 15:32:56  INFO basepage.py find_element_wait_and_focus [ line:61 ] 开始查找元素：xpath=//button[@class="mint-button mint-button--primary mint-button--large"]
 Thu, 13 Dec 2018 15:32:56  INFO basepage.py wait_eleVisible [ line:22 ] 等待元素可见：//button[@class="mint-button mint-button--primary mint-button--large"],起始时间：2018-12-13 15:32:56.012301,等待时长：0
 Thu, 13 Dec 2018 15:32:56  INFO basepage.py focus [ line:196 ] 登录页面_登录操作：滚动元素xpath=//button[@class="mint-button mint-button--primary mint-button--large"] 到可见区域
 Thu, 13 Dec 2018 15:32:56  INFO basepage.py find_element [ line:50 ] 开始查找元素：xpath=//button[@class="mint-button mint-button--primary mint-button--large"]
 Thu, 13 Dec 2018 15:32:56  INFO test_login.py test_usernotin [ line:38 ] 开始断言
 Thu, 13 Dec 2018 15:32:56  INFO basepage.py get_text [ line:177 ] 登录页面_toast：获取元素xpath=//div[@class="bodyToast"] 的文本内容。
 Thu, 13 Dec 2018 15:32:56  INFO basepage.py find_element_wait_and_focus [ line:61 ] 开始查找元素：xpath=//div[@class="bodyToast"]
 Thu, 13 Dec 2018 15:33:26  ERROR basepage.py wait_eleVisible [ line:25 ] 等待元素可见异常
Traceback (most recent call last):
  File "/Users/lx/Desktop/workspace/源码/intbee-test-script/Test-UI/Common/basepage.py", line 19, in wait_eleVisible
    WebDriverWait(self.driver, wait, requence).until(EC.visibility_of_element_located((by, locator)))
  File "/Library/Frameworks/Python.framework/Versions/3.6/lib/python3.6/site-packages/selenium/webdriver/support/wait.py", line 80, in until
    raise TimeoutException(message, screen, stacktrace)
selenium.common.exceptions.TimeoutException: Message: 

 Thu, 13 Dec 2018 15:33:26  INFO basepage.py _save_screenShot [ line:216 ] 截图成功,路径为：/Users/lx/Desktop/workspace/源码/intbee-test-script/Test-UI/ScreenShot/登录页面_toast_2018-12-13-15-33-26.png
 Thu, 13 Dec 2018 15:33:27  INFO common.py save_screenShot [ line:14 ] 截图成功,路径为：/Users/lx/Desktop/workspace/源码/intbee-test-script/Test-UI/ScreenShot/登录页面_2018-12-13-15-33-26.png
 Thu, 13 Dec 2018 15:33:27  INFO conftest.py page [ line:24 ] ----------------测试结束-----------------
 Thu, 13 Dec 2018 15:33:27  INFO conftest.py page [ line:14 ] ----------------测试开始-----------------
 Thu, 13 Dec 2018 15:33:30  INFO basepage.py wait_eleVisible [ line:22 ] 等待元素可见：//input[@placeholder="请输入您的手机号"],起始时间：2018-12-13 15:33:30.693912,等待时长：0
 Thu, 13 Dec 2018 15:33:30  INFO basepage.py find_element_wait_and_focus [ line:61 ] 开始查找元素：xpath=//input[@placeholder="请输入您的手机号"]
 Thu, 13 Dec 2018 15:33:30  INFO basepage.py wait_eleVisible [ line:22 ] 等待元素可见：//input[@placeholder="请输入您的手机号"],起始时间：2018-12-13 15:33:30.890526,等待时长：0
 Thu, 13 Dec 2018 15:33:30  INFO basepage.py focus [ line:196 ] 登录页面_登录操作：滚动元素xpath=//input[@placeholder="请输入您的手机号"] 到可见区域
 Thu, 13 Dec 2018 15:33:30  INFO basepage.py find_element [ line:50 ] 开始查找元素：xpath=//input[@placeholder="请输入您的手机号"]
 Thu, 13 Dec 2018 15:33:30  INFO basepage.py find_element_wait_and_focus [ line:61 ] 开始查找元素：xpath=//input[@placeholder="请输入密码"]
 Thu, 13 Dec 2018 15:33:30  INFO basepage.py wait_eleVisible [ line:22 ] 等待元素可见：//input[@placeholder="请输入密码"],起始时间：2018-12-13 15:33:30.969454,等待时长：0
 Thu, 13 Dec 2018 15:33:30  INFO basepage.py focus [ line:196 ] 登录页面_登录操作：滚动元素xpath=//input[@placeholder="请输入密码"] 到可见区域
 Thu, 13 Dec 2018 15:33:30  INFO basepage.py find_element [ line:50 ] 开始查找元素：xpath=//input[@placeholder="请输入密码"]
 Thu, 13 Dec 2018 15:33:31  INFO basepage.py click_element [ line:102 ] 执行点击操作！
 Thu, 13 Dec 2018 15:33:31  INFO basepage.py find_element_wait_and_focus [ line:61 ] 开始查找元素：xpath=//button[@class="mint-button mint-button--primary mint-button--large"]
 Thu, 13 Dec 2018 15:33:31  INFO basepage.py wait_eleVisible [ line:22 ] 等待元素可见：//button[@class="mint-button mint-button--primary mint-button--large"],起始时间：2018-12-13 15:33:31.086974,等待时长：0
 Thu, 13 Dec 2018 15:33:31  INFO basepage.py focus [ line:196 ] 登录页面_登录操作：滚动元素xpath=//button[@class="mint-button mint-button--primary mint-button--large"] 到可见区域
 Thu, 13 Dec 2018 15:33:31  INFO basepage.py find_element [ line:50 ] 开始查找元素：xpath=//button[@class="mint-button mint-button--primary mint-button--large"]
 Thu, 13 Dec 2018 15:33:31  INFO test_login.py test_usernotin [ line:38 ] 开始断言
 Thu, 13 Dec 2018 15:33:31  INFO basepage.py get_text [ line:177 ] 登录页面_toast：获取元素xpath=//div[@class="bodyToast"] 的文本内容。
 Thu, 13 Dec 2018 15:33:31  INFO basepage.py find_element_wait_and_focus [ line:61 ] 开始查找元素：xpath=//div[@class="bodyToast"]
 Thu, 13 Dec 2018 15:34:01  ERROR basepage.py wait_eleVisible [ line:25 ] 等待元素可见异常
Traceback (most recent call last):
  File "/Users/lx/Desktop/workspace/源码/intbee-test-script/Test-UI/Common/basepage.py", line 19, in wait_eleVisible
    WebDriverWait(self.driver, wait, requence).until(EC.visibility_of_element_located((by, locator)))
  File "/Library/Frameworks/Python.framework/Versions/3.6/lib/python3.6/site-packages/selenium/webdriver/support/wait.py", line 80, in until
    raise TimeoutException(message, screen, stacktrace)
selenium.common.exceptions.TimeoutException: Message: 

 Thu, 13 Dec 2018 15:34:01  INFO basepage.py _save_screenShot [ line:216 ] 截图成功,路径为：/Users/lx/Desktop/workspace/源码/intbee-test-script/Test-UI/ScreenShot/登录页面_toast_2018-12-13-15-34-01.png
 Thu, 13 Dec 2018 15:34:02  INFO common.py save_screenShot [ line:14 ] 截图成功,路径为：/Users/lx/Desktop/workspace/源码/intbee-test-script/Test-UI/ScreenShot/登录页面_2018-12-13-15-34-01.png
 Thu, 13 Dec 2018 15:34:02  INFO conftest.py page [ line:24 ] ----------------测试结束-----------------
 Thu, 13 Dec 2018 15:34:02  INFO conftest.py page [ line:14 ] ----------------测试开始-----------------
 Thu, 13 Dec 2018 15:34:07  INFO basepage.py wait_eleVisible [ line:22 ] 等待元素可见：//input[@placeholder="请输入您的手机号"],起始时间：2018-12-13 15:34:07.636959,等待时长：0
 Thu, 13 Dec 2018 15:34:07  INFO basepage.py find_element_wait_and_focus [ line:61 ] 开始查找元素：xpath=//input[@placeholder="请输入您的手机号"]
 Thu, 13 Dec 2018 15:34:07  INFO basepage.py wait_eleVisible [ line:22 ] 等待元素可见：//input[@placeholder="请输入您的手机号"],起始时间：2018-12-13 15:34:07.806105,等待时长：0
 Thu, 13 Dec 2018 15:34:07  INFO basepage.py focus [ line:196 ] 登录页面_登录操作：滚动元素xpath=//input[@placeholder="请输入您的手机号"] 到可见区域
 Thu, 13 Dec 2018 15:34:07  INFO basepage.py find_element [ line:50 ] 开始查找元素：xpath=//input[@placeholder="请输入您的手机号"]
 Thu, 13 Dec 2018 15:34:07  INFO basepage.py find_element_wait_and_focus [ line:61 ] 开始查找元素：xpath=//input[@placeholder="请输入密码"]
 Thu, 13 Dec 2018 15:34:07  INFO basepage.py wait_eleVisible [ line:22 ] 等待元素可见：//input[@placeholder="请输入密码"],起始时间：2018-12-13 15:34:07.924652,等待时长：0
 Thu, 13 Dec 2018 15:34:07  INFO basepage.py focus [ line:196 ] 登录页面_登录操作：滚动元素xpath=//input[@placeholder="请输入密码"] 到可见区域
 Thu, 13 Dec 2018 15:34:07  INFO basepage.py find_element [ line:50 ] 开始查找元素：xpath=//input[@placeholder="请输入密码"]
 Thu, 13 Dec 2018 15:34:08  INFO basepage.py click_element [ line:102 ] 执行点击操作！
 Thu, 13 Dec 2018 15:34:08  INFO basepage.py find_element_wait_and_focus [ line:61 ] 开始查找元素：xpath=//button[@class="mint-button mint-button--primary mint-button--large"]
 Thu, 13 Dec 2018 15:34:08  INFO basepage.py wait_eleVisible [ line:22 ] 等待元素可见：//button[@class="mint-button mint-button--primary mint-button--large"],起始时间：2018-12-13 15:34:08.023280,等待时长：0
 Thu, 13 Dec 2018 15:34:08  INFO basepage.py focus [ line:196 ] 登录页面_登录操作：滚动元素xpath=//button[@class="mint-button mint-button--primary mint-button--large"] 到可见区域
 Thu, 13 Dec 2018 15:34:08  INFO basepage.py find_element [ line:50 ] 开始查找元素：xpath=//button[@class="mint-button mint-button--primary mint-button--large"]
 Thu, 13 Dec 2018 15:34:08  INFO test_login.py test_usernotin [ line:38 ] 开始断言
 Thu, 13 Dec 2018 15:34:08  INFO basepage.py get_text [ line:177 ] 登录页面_toast：获取元素xpath=//div[@class="bodyToast"] 的文本内容。
 Thu, 13 Dec 2018 15:34:08  INFO basepage.py find_element_wait_and_focus [ line:61 ] 开始查找元素：xpath=//div[@class="bodyToast"]
 Thu, 13 Dec 2018 15:34:38  ERROR basepage.py wait_eleVisible [ line:25 ] 等待元素可见异常
Traceback (most recent call last):
  File "/Users/lx/Desktop/workspace/源码/intbee-test-script/Test-UI/Common/basepage.py", line 19, in wait_eleVisible
    WebDriverWait(self.driver, wait, requence).until(EC.visibility_of_element_located((by, locator)))
  File "/Library/Frameworks/Python.framework/Versions/3.6/lib/python3.6/site-packages/selenium/webdriver/support/wait.py", line 80, in until
    raise TimeoutException(message, screen, stacktrace)
selenium.common.exceptions.TimeoutException: Message: 

 Thu, 13 Dec 2018 15:34:38  INFO basepage.py _save_screenShot [ line:216 ] 截图成功,路径为：/Users/lx/Desktop/workspace/源码/intbee-test-script/Test-UI/ScreenShot/登录页面_toast_2018-12-13-15-34-38.png
 Thu, 13 Dec 2018 15:34:39  INFO common.py save_screenShot [ line:14 ] 截图成功,路径为：/Users/lx/Desktop/workspace/源码/intbee-test-script/Test-UI/ScreenShot/登录页面_2018-12-13-15-34-38.png
 Thu, 13 Dec 2018 15:34:39  INFO conftest.py page [ line:24 ] ----------------测试结束-----------------
 Thu, 13 Dec 2018 15:34:39  INFO conftest.py page [ line:14 ] ----------------测试开始-----------------
 Thu, 13 Dec 2018 15:34:43  INFO basepage.py wait_eleVisible [ line:22 ] 等待元素可见：//input[@placeholder="请输入您的手机号"],起始时间：2018-12-13 15:34:42.850755,等待时长：0
 Thu, 13 Dec 2018 15:34:43  INFO basepage.py find_element_wait_and_focus [ line:61 ] 开始查找元素：xpath=//input[@placeholder="请输入您的手机号"]
 Thu, 13 Dec 2018 15:34:43  INFO basepage.py wait_eleVisible [ line:22 ] 等待元素可见：//input[@placeholder="请输入您的手机号"],起始时间：2018-12-13 15:34:43.045329,等待时长：0
 Thu, 13 Dec 2018 15:34:43  INFO basepage.py focus [ line:196 ] 登录页面_登录操作：滚动元素xpath=//input[@placeholder="请输入您的手机号"] 到可见区域
 Thu, 13 Dec 2018 15:34:43  INFO basepage.py find_element [ line:50 ] 开始查找元素：xpath=//input[@placeholder="请输入您的手机号"]
 Thu, 13 Dec 2018 15:34:43  INFO basepage.py find_element_wait_and_focus [ line:61 ] 开始查找元素：xpath=//input[@placeholder="请输入密码"]
 Thu, 13 Dec 2018 15:34:43  INFO basepage.py wait_eleVisible [ line:22 ] 等待元素可见：//input[@placeholder="请输入密码"],起始时间：2018-12-13 15:34:43.182557,等待时长：0
 Thu, 13 Dec 2018 15:34:43  INFO basepage.py focus [ line:196 ] 登录页面_登录操作：滚动元素xpath=//input[@placeholder="请输入密码"] 到可见区域
 Thu, 13 Dec 2018 15:34:43  INFO basepage.py find_element [ line:50 ] 开始查找元素：xpath=//input[@placeholder="请输入密码"]
 Thu, 13 Dec 2018 15:34:43  INFO basepage.py click_element [ line:102 ] 执行点击操作！
 Thu, 13 Dec 2018 15:34:43  INFO basepage.py find_element_wait_and_focus [ line:61 ] 开始查找元素：xpath=//button[@class="mint-button mint-button--primary mint-button--large"]
 Thu, 13 Dec 2018 15:34:43  INFO basepage.py wait_eleVisible [ line:22 ] 等待元素可见：//button[@class="mint-button mint-button--primary mint-button--large"],起始时间：2018-12-13 15:34:43.288336,等待时长：0
 Thu, 13 Dec 2018 15:34:43  INFO basepage.py focus [ line:196 ] 登录页面_登录操作：滚动元素xpath=//button[@class="mint-button mint-button--primary mint-button--large"] 到可见区域
 Thu, 13 Dec 2018 15:34:43  INFO basepage.py find_element [ line:50 ] 开始查找元素：xpath=//button[@class="mint-button mint-button--primary mint-button--large"]
 Thu, 13 Dec 2018 15:34:43  INFO test_login.py test_usernotin [ line:38 ] 开始断言
 Thu, 13 Dec 2018 15:34:43  INFO basepage.py get_text [ line:177 ] 登录页面_toast：获取元素xpath=//div[@class="bodyToast"] 的文本内容。
 Thu, 13 Dec 2018 15:34:43  INFO basepage.py find_element_wait_and_focus [ line:61 ] 开始查找元素：xpath=//div[@class="bodyToast"]
 Thu, 13 Dec 2018 15:35:13  ERROR basepage.py wait_eleVisible [ line:25 ] 等待元素可见异常
Traceback (most recent call last):
  File "/Users/lx/Desktop/workspace/源码/intbee-test-script/Test-UI/Common/basepage.py", line 19, in wait_eleVisible
    WebDriverWait(self.driver, wait, requence).until(EC.visibility_of_element_located((by, locator)))
  File "/Library/Frameworks/Python.framework/Versions/3.6/lib/python3.6/site-packages/selenium/webdriver/support/wait.py", line 80, in until
    raise TimeoutException(message, screen, stacktrace)
selenium.common.exceptions.TimeoutException: Message: 

 Thu, 13 Dec 2018 15:35:13  INFO basepage.py _save_screenShot [ line:216 ] 截图成功,路径为：/Users/lx/Desktop/workspace/源码/intbee-test-script/Test-UI/ScreenShot/登录页面_toast_2018-12-13-15-35-13.png
 Thu, 13 Dec 2018 15:35:14  INFO common.py save_screenShot [ line:14 ] 截图成功,路径为：/Users/lx/Desktop/workspace/源码/intbee-test-script/Test-UI/ScreenShot/登录页面_2018-12-13-15-35-13.png
 Thu, 13 Dec 2018 15:35:14  INFO conftest.py page [ line:24 ] ----------------测试结束-----------------
 Thu, 13 Dec 2018 15:35:14  INFO conftest.py page [ line:14 ] ----------------测试开始-----------------
 Thu, 13 Dec 2018 15:35:16  INFO basepage.py wait_eleVisible [ line:22 ] 等待元素可见：//input[@placeholder="请输入您的手机号"],起始时间：2018-12-13 15:35:16.769748,等待时长：0
 Thu, 13 Dec 2018 15:35:16  INFO basepage.py find_element_wait_and_focus [ line:61 ] 开始查找元素：xpath=//input[@placeholder="请输入您的手机号"]
 Thu, 13 Dec 2018 15:35:16  INFO basepage.py wait_eleVisible [ line:22 ] 等待元素可见：//input[@placeholder="请输入您的手机号"],起始时间：2018-12-13 15:35:16.939888,等待时长：0
 Thu, 13 Dec 2018 15:35:16  INFO basepage.py focus [ line:196 ] 登录页面_登录操作：滚动元素xpath=//input[@placeholder="请输入您的手机号"] 到可见区域
 Thu, 13 Dec 2018 15:35:16  INFO basepage.py find_element [ line:50 ] 开始查找元素：xpath=//input[@placeholder="请输入您的手机号"]
 Thu, 13 Dec 2018 15:35:17  INFO basepage.py find_element_wait_and_focus [ line:61 ] 开始查找元素：xpath=//input[@placeholder="请输入密码"]
 Thu, 13 Dec 2018 15:35:17  INFO basepage.py wait_eleVisible [ line:22 ] 等待元素可见：//input[@placeholder="请输入密码"],起始时间：2018-12-13 15:35:17.104900,等待时长：0
 Thu, 13 Dec 2018 15:35:17  INFO basepage.py focus [ line:196 ] 登录页面_登录操作：滚动元素xpath=//input[@placeholder="请输入密码"] 到可见区域
 Thu, 13 Dec 2018 15:35:17  INFO basepage.py find_element [ line:50 ] 开始查找元素：xpath=//input[@placeholder="请输入密码"]
 Thu, 13 Dec 2018 15:35:17  INFO basepage.py click_element [ line:102 ] 执行点击操作！
 Thu, 13 Dec 2018 15:35:17  INFO basepage.py find_element_wait_and_focus [ line:61 ] 开始查找元素：xpath=//button[@class="mint-button mint-button--primary mint-button--large"]
 Thu, 13 Dec 2018 15:35:17  INFO basepage.py wait_eleVisible [ line:22 ] 等待元素可见：//button[@class="mint-button mint-button--primary mint-button--large"],起始时间：2018-12-13 15:35:17.216926,等待时长：0
 Thu, 13 Dec 2018 15:35:17  INFO basepage.py focus [ line:196 ] 登录页面_登录操作：滚动元素xpath=//button[@class="mint-button mint-button--primary mint-button--large"] 到可见区域
 Thu, 13 Dec 2018 15:35:17  INFO basepage.py find_element [ line:50 ] 开始查找元素：xpath=//button[@class="mint-button mint-button--primary mint-button--large"]
 Thu, 13 Dec 2018 15:35:17  INFO test_login.py test_usernotin [ line:38 ] 开始断言
 Thu, 13 Dec 2018 15:35:17  INFO basepage.py get_text [ line:177 ] 登录页面_toast：获取元素xpath=//div[@class="bodyToast"] 的文本内容。
 Thu, 13 Dec 2018 15:35:17  INFO basepage.py find_element_wait_and_focus [ line:61 ] 开始查找元素：xpath=//div[@class="bodyToast"]
 Thu, 13 Dec 2018 15:35:47  ERROR basepage.py wait_eleVisible [ line:25 ] 等待元素可见异常
Traceback (most recent call last):
  File "/Users/lx/Desktop/workspace/源码/intbee-test-script/Test-UI/Common/basepage.py", line 19, in wait_eleVisible
    WebDriverWait(self.driver, wait, requence).until(EC.visibility_of_element_located((by, locator)))
  File "/Library/Frameworks/Python.framework/Versions/3.6/lib/python3.6/site-packages/selenium/webdriver/support/wait.py", line 80, in until
    raise TimeoutException(message, screen, stacktrace)
selenium.common.exceptions.TimeoutException: Message: 

 Thu, 13 Dec 2018 15:35:47  INFO basepage.py _save_screenShot [ line:216 ] 截图成功,路径为：/Users/lx/Desktop/workspace/源码/intbee-test-script/Test-UI/ScreenShot/登录页面_toast_2018-12-13-15-35-47.png
 Thu, 13 Dec 2018 15:35:48  INFO common.py save_screenShot [ line:14 ] 截图成功,路径为：/Users/lx/Desktop/workspace/源码/intbee-test-script/Test-UI/ScreenShot/登录页面_2018-12-13-15-35-47.png
 Thu, 13 Dec 2018 15:35:48  INFO conftest.py page [ line:24 ] ----------------测试结束-----------------
 Thu, 13 Dec 2018 15:35:48  INFO conftest.py page [ line:14 ] ----------------测试开始-----------------
 Thu, 13 Dec 2018 15:35:50  INFO basepage.py wait_eleVisible [ line:22 ] 等待元素可见：//input[@placeholder="请输入您的手机号"],起始时间：2018-12-13 15:35:50.730750,等待时长：0
 Thu, 13 Dec 2018 15:35:50  INFO basepage.py find_element_wait_and_focus [ line:61 ] 开始查找元素：xpath=//input[@placeholder="请输入您的手机号"]
 Thu, 13 Dec 2018 15:35:50  INFO basepage.py wait_eleVisible [ line:22 ] 等待元素可见：//input[@placeholder="请输入您的手机号"],起始时间：2018-12-13 15:35:50.895551,等待时长：0
 Thu, 13 Dec 2018 15:35:50  INFO basepage.py focus [ line:196 ] 登录页面_登录操作：滚动元素xpath=//input[@placeholder="请输入您的手机号"] 到可见区域
 Thu, 13 Dec 2018 15:35:50  INFO basepage.py find_element [ line:50 ] 开始查找元素：xpath=//input[@placeholder="请输入您的手机号"]
 Thu, 13 Dec 2018 15:35:51  INFO basepage.py find_element_wait_and_focus [ line:61 ] 开始查找元素：xpath=//input[@placeholder="请输入密码"]
 Thu, 13 Dec 2018 15:35:51  INFO basepage.py wait_eleVisible [ line:22 ] 等待元素可见：//input[@placeholder="请输入密码"],起始时间：2018-12-13 15:35:51.016647,等待时长：0
 Thu, 13 Dec 2018 15:35:51  INFO basepage.py focus [ line:196 ] 登录页面_登录操作：滚动元素xpath=//input[@placeholder="请输入密码"] 到可见区域
 Thu, 13 Dec 2018 15:35:51  INFO basepage.py find_element [ line:50 ] 开始查找元素：xpath=//input[@placeholder="请输入密码"]
 Thu, 13 Dec 2018 15:35:51  INFO basepage.py click_element [ line:102 ] 执行点击操作！
 Thu, 13 Dec 2018 15:35:51  INFO basepage.py find_element_wait_and_focus [ line:61 ] 开始查找元素：xpath=//button[@class="mint-button mint-button--primary mint-button--large"]
 Thu, 13 Dec 2018 15:35:51  INFO basepage.py wait_eleVisible [ line:22 ] 等待元素可见：//button[@class="mint-button mint-button--primary mint-button--large"],起始时间：2018-12-13 15:35:51.128313,等待时长：0
 Thu, 13 Dec 2018 15:35:51  INFO basepage.py focus [ line:196 ] 登录页面_登录操作：滚动元素xpath=//button[@class="mint-button mint-button--primary mint-button--large"] 到可见区域
 Thu, 13 Dec 2018 15:35:51  INFO basepage.py find_element [ line:50 ] 开始查找元素：xpath=//button[@class="mint-button mint-button--primary mint-button--large"]
 Thu, 13 Dec 2018 15:35:51  INFO test_login.py test_usernotin [ line:38 ] 开始断言
 Thu, 13 Dec 2018 15:35:51  INFO basepage.py get_text [ line:177 ] 登录页面_toast：获取元素xpath=//div[@class="bodyToast"] 的文本内容。
 Thu, 13 Dec 2018 15:35:51  INFO basepage.py find_element_wait_and_focus [ line:61 ] 开始查找元素：xpath=//div[@class="bodyToast"]
 Thu, 13 Dec 2018 15:36:21  ERROR basepage.py wait_eleVisible [ line:25 ] 等待元素可见异常
Traceback (most recent call last):
  File "/Users/lx/Desktop/workspace/源码/intbee-test-script/Test-UI/Common/basepage.py", line 19, in wait_eleVisible
    WebDriverWait(self.driver, wait, requence).until(EC.visibility_of_element_located((by, locator)))
  File "/Library/Frameworks/Python.framework/Versions/3.6/lib/python3.6/site-packages/selenium/webdriver/support/wait.py", line 80, in until
    raise TimeoutException(message, screen, stacktrace)
selenium.common.exceptions.TimeoutException: Message: 

 Thu, 13 Dec 2018 15:36:21  INFO basepage.py _save_screenShot [ line:216 ] 截图成功,路径为：/Users/lx/Desktop/workspace/源码/intbee-test-script/Test-UI/ScreenShot/登录页面_toast_2018-12-13-15-36-21.png
 Thu, 13 Dec 2018 15:36:22  INFO common.py save_screenShot [ line:14 ] 截图成功,路径为：/Users/lx/Desktop/workspace/源码/intbee-test-script/Test-UI/ScreenShot/登录页面_2018-12-13-15-36-21.png
 Thu, 13 Dec 2018 15:36:22  INFO conftest.py page [ line:24 ] ----------------测试结束-----------------
 Thu, 13 Dec 2018 15:36:22  INFO conftest.py page [ line:14 ] ----------------测试开始-----------------
 Thu, 13 Dec 2018 15:36:25  INFO basepage.py wait_eleVisible [ line:22 ] 等待元素可见：//input[@placeholder="请输入您的手机号"],起始时间：2018-12-13 15:36:24.832328,等待时长：0
 Thu, 13 Dec 2018 15:36:25  INFO basepage.py find_element_wait_and_focus [ line:61 ] 开始查找元素：xpath=//input[@placeholder="请输入您的手机号"]
 Thu, 13 Dec 2018 15:36:25  INFO basepage.py wait_eleVisible [ line:22 ] 等待元素可见：//input[@placeholder="请输入您的手机号"],起始时间：2018-12-13 15:36:25.373610,等待时长：0
 Thu, 13 Dec 2018 15:36:25  INFO basepage.py focus [ line:196 ] 登录页面_登录操作：滚动元素xpath=//input[@placeholder="请输入您的手机号"] 到可见区域
 Thu, 13 Dec 2018 15:36:25  INFO basepage.py find_element [ line:50 ] 开始查找元素：xpath=//input[@placeholder="请输入您的手机号"]
 Thu, 13 Dec 2018 15:36:25  INFO basepage.py find_element_wait_and_focus [ line:61 ] 开始查找元素：xpath=//input[@placeholder="请输入密码"]
 Thu, 13 Dec 2018 15:36:25  INFO basepage.py wait_eleVisible [ line:22 ] 等待元素可见：//input[@placeholder="请输入密码"],起始时间：2018-12-13 15:36:25.497764,等待时长：0
 Thu, 13 Dec 2018 15:36:25  INFO basepage.py focus [ line:196 ] 登录页面_登录操作：滚动元素xpath=//input[@placeholder="请输入密码"] 到可见区域
 Thu, 13 Dec 2018 15:36:25  INFO basepage.py find_element [ line:50 ] 开始查找元素：xpath=//input[@placeholder="请输入密码"]
 Thu, 13 Dec 2018 15:36:25  INFO basepage.py click_element [ line:102 ] 执行点击操作！
 Thu, 13 Dec 2018 15:36:25  INFO basepage.py find_element_wait_and_focus [ line:61 ] 开始查找元素：xpath=//button[@class="mint-button mint-button--primary mint-button--large"]
 Thu, 13 Dec 2018 15:36:25  INFO basepage.py wait_eleVisible [ line:22 ] 等待元素可见：//button[@class="mint-button mint-button--primary mint-button--large"],起始时间：2018-12-13 15:36:25.616653,等待时长：0
 Thu, 13 Dec 2018 15:36:25  INFO basepage.py focus [ line:196 ] 登录页面_登录操作：滚动元素xpath=//button[@class="mint-button mint-button--primary mint-button--large"] 到可见区域
 Thu, 13 Dec 2018 15:36:25  INFO basepage.py find_element [ line:50 ] 开始查找元素：xpath=//button[@class="mint-button mint-button--primary mint-button--large"]
 Thu, 13 Dec 2018 15:36:25  INFO test_login.py test_usernotin [ line:38 ] 开始断言
 Thu, 13 Dec 2018 15:36:25  INFO basepage.py get_text [ line:177 ] 登录页面_toast：获取元素xpath=//div[@class="bodyToast"] 的文本内容。
 Thu, 13 Dec 2018 15:36:25  INFO basepage.py find_element_wait_and_focus [ line:61 ] 开始查找元素：xpath=//div[@class="bodyToast"]
 Thu, 13 Dec 2018 15:36:55  ERROR basepage.py wait_eleVisible [ line:25 ] 等待元素可见异常
Traceback (most recent call last):
  File "/Users/lx/Desktop/workspace/源码/intbee-test-script/Test-UI/Common/basepage.py", line 19, in wait_eleVisible
    WebDriverWait(self.driver, wait, requence).until(EC.visibility_of_element_located((by, locator)))
  File "/Library/Frameworks/Python.framework/Versions/3.6/lib/python3.6/site-packages/selenium/webdriver/support/wait.py", line 80, in until
    raise TimeoutException(message, screen, stacktrace)
selenium.common.exceptions.TimeoutException: Message: 

 Thu, 13 Dec 2018 15:36:56  INFO basepage.py _save_screenShot [ line:216 ] 截图成功,路径为：/Users/lx/Desktop/workspace/源码/intbee-test-script/Test-UI/ScreenShot/登录页面_toast_2018-12-13-15-36-55.png
 Thu, 13 Dec 2018 15:36:56  INFO common.py save_screenShot [ line:14 ] 截图成功,路径为：/Users/lx/Desktop/workspace/源码/intbee-test-script/Test-UI/ScreenShot/登录页面_2018-12-13-15-36-56.png
 Thu, 13 Dec 2018 15:36:56  INFO conftest.py page [ line:24 ] ----------------测试结束-----------------
 Thu, 13 Dec 2018 15:36:56  INFO conftest.py page [ line:14 ] ----------------测试开始-----------------
 Thu, 13 Dec 2018 15:37:00  INFO basepage.py wait_eleVisible [ line:22 ] 等待元素可见：//input[@placeholder="请输入您的手机号"],起始时间：2018-12-13 15:37:00.556496,等待时长：0
 Thu, 13 Dec 2018 15:37:00  INFO basepage.py find_element_wait_and_focus [ line:61 ] 开始查找元素：xpath=//input[@placeholder="请输入您的手机号"]
 Thu, 13 Dec 2018 15:37:00  INFO basepage.py wait_eleVisible [ line:22 ] 等待元素可见：//input[@placeholder="请输入您的手机号"],起始时间：2018-12-13 15:37:00.757337,等待时长：0
 Thu, 13 Dec 2018 15:37:00  INFO basepage.py focus [ line:196 ] 登录页面_登录操作：滚动元素xpath=//input[@placeholder="请输入您的手机号"] 到可见区域
 Thu, 13 Dec 2018 15:37:00  INFO basepage.py find_element [ line:50 ] 开始查找元素：xpath=//input[@placeholder="请输入您的手机号"]
 Thu, 13 Dec 2018 15:37:00  INFO basepage.py find_element_wait_and_focus [ line:61 ] 开始查找元素：xpath=//input[@placeholder="请输入密码"]
 Thu, 13 Dec 2018 15:37:00  INFO basepage.py wait_eleVisible [ line:22 ] 等待元素可见：//input[@placeholder="请输入密码"],起始时间：2018-12-13 15:37:00.885151,等待时长：0
 Thu, 13 Dec 2018 15:37:00  INFO basepage.py focus [ line:196 ] 登录页面_登录操作：滚动元素xpath=//input[@placeholder="请输入密码"] 到可见区域
 Thu, 13 Dec 2018 15:37:00  INFO basepage.py find_element [ line:50 ] 开始查找元素：xpath=//input[@placeholder="请输入密码"]
 Thu, 13 Dec 2018 15:37:00  INFO basepage.py click_element [ line:102 ] 执行点击操作！
 Thu, 13 Dec 2018 15:37:00  INFO basepage.py find_element_wait_and_focus [ line:61 ] 开始查找元素：xpath=//button[@class="mint-button mint-button--primary mint-button--large"]
 Thu, 13 Dec 2018 15:37:01  INFO basepage.py wait_eleVisible [ line:22 ] 等待元素可见：//button[@class="mint-button mint-button--primary mint-button--large"],起始时间：2018-12-13 15:37:00.997397,等待时长：0
 Thu, 13 Dec 2018 15:37:01  INFO basepage.py focus [ line:196 ] 登录页面_登录操作：滚动元素xpath=//button[@class="mint-button mint-button--primary mint-button--large"] 到可见区域
 Thu, 13 Dec 2018 15:37:01  INFO basepage.py find_element [ line:50 ] 开始查找元素：xpath=//button[@class="mint-button mint-button--primary mint-button--large"]
 Thu, 13 Dec 2018 15:37:01  INFO test_login.py test_usernotin [ line:38 ] 开始断言
 Thu, 13 Dec 2018 15:37:01  INFO basepage.py get_text [ line:177 ] 登录页面_toast：获取元素xpath=//div[@class="bodyToast"] 的文本内容。
 Thu, 13 Dec 2018 15:37:01  INFO basepage.py find_element_wait_and_focus [ line:61 ] 开始查找元素：xpath=//div[@class="bodyToast"]
 Thu, 13 Dec 2018 15:37:31  ERROR basepage.py wait_eleVisible [ line:25 ] 等待元素可见异常
Traceback (most recent call last):
  File "/Users/lx/Desktop/workspace/源码/intbee-test-script/Test-UI/Common/basepage.py", line 19, in wait_eleVisible
    WebDriverWait(self.driver, wait, requence).until(EC.visibility_of_element_located((by, locator)))
  File "/Library/Frameworks/Python.framework/Versions/3.6/lib/python3.6/site-packages/selenium/webdriver/support/wait.py", line 80, in until
    raise TimeoutException(message, screen, stacktrace)
selenium.common.exceptions.TimeoutException: Message: 

 Thu, 13 Dec 2018 15:37:31  INFO basepage.py _save_screenShot [ line:216 ] 截图成功,路径为：/Users/lx/Desktop/workspace/源码/intbee-test-script/Test-UI/ScreenShot/登录页面_toast_2018-12-13-15-37-31.png
 Thu, 13 Dec 2018 15:37:32  INFO common.py save_screenShot [ line:14 ] 截图成功,路径为：/Users/lx/Desktop/workspace/源码/intbee-test-script/Test-UI/ScreenShot/登录页面_2018-12-13-15-37-31.png
 Thu, 13 Dec 2018 15:37:32  INFO conftest.py page [ line:24 ] ----------------测试结束-----------------
 Thu, 13 Dec 2018 15:45:40  INFO conftest.py page [ line:14 ] ----------------测试开始-----------------
 Thu, 13 Dec 2018 15:45:50  INFO basepage.py wait_eleVisible [ line:22 ] 等待元素可见：//input[@placeholder="请输入您的手机号"],起始时间：2018-12-13 15:45:50.338930,等待时长：0
 Thu, 13 Dec 2018 15:45:50  INFO basepage.py find_element_wait_and_focus [ line:61 ] 开始查找元素：xpath=//input[@placeholder="请输入您的手机号"]
 Thu, 13 Dec 2018 15:45:50  INFO basepage.py wait_eleVisible [ line:22 ] 等待元素可见：//input[@placeholder="请输入您的手机号"],起始时间：2018-12-13 15:45:50.522481,等待时长：0
 Thu, 13 Dec 2018 15:45:50  INFO basepage.py focus [ line:196 ] 登录页面_登录操作：滚动元素xpath=//input[@placeholder="请输入您的手机号"] 到可见区域
 Thu, 13 Dec 2018 15:45:50  INFO basepage.py find_element [ line:50 ] 开始查找元素：xpath=//input[@placeholder="请输入您的手机号"]
 Thu, 13 Dec 2018 15:45:50  INFO basepage.py find_element_wait_and_focus [ line:61 ] 开始查找元素：xpath=//input[@placeholder="请输入密码"]
 Thu, 13 Dec 2018 15:45:50  INFO basepage.py wait_eleVisible [ line:22 ] 等待元素可见：//input[@placeholder="请输入密码"],起始时间：2018-12-13 15:45:50.682774,等待时长：0
 Thu, 13 Dec 2018 15:45:50  INFO basepage.py focus [ line:196 ] 登录页面_登录操作：滚动元素xpath=//input[@placeholder="请输入密码"] 到可见区域
 Thu, 13 Dec 2018 15:45:50  INFO basepage.py find_element [ line:50 ] 开始查找元素：xpath=//input[@placeholder="请输入密码"]
 Thu, 13 Dec 2018 15:45:50  INFO basepage.py click_element [ line:102 ] 执行点击操作！
 Thu, 13 Dec 2018 15:45:50  INFO basepage.py find_element_wait_and_focus [ line:61 ] 开始查找元素：xpath=//button[@class="mint-button mint-button--primary mint-button--large"]
 Thu, 13 Dec 2018 15:45:50  INFO basepage.py wait_eleVisible [ line:22 ] 等待元素可见：//button[@class="mint-button mint-button--primary mint-button--large"],起始时间：2018-12-13 15:45:50.821300,等待时长：0
 Thu, 13 Dec 2018 15:45:50  INFO basepage.py focus [ line:196 ] 登录页面_登录操作：滚动元素xpath=//button[@class="mint-button mint-button--primary mint-button--large"] 到可见区域
 Thu, 13 Dec 2018 15:45:50  INFO basepage.py find_element [ line:50 ] 开始查找元素：xpath=//button[@class="mint-button mint-button--primary mint-button--large"]
 Thu, 13 Dec 2018 15:45:50  INFO test_login.py test_login_success [ line:21 ] 开始断言
 Thu, 13 Dec 2018 15:45:51  INFO basepage.py wait_eleVisible [ line:22 ] 等待元素可见：//span[text()="个人中心"],起始时间：2018-12-13 15:45:50.910841,等待时长：1
 Thu, 13 Dec 2018 15:45:51  INFO basepage.py get_text [ line:177 ] 个人中心页面：获取元素xpath=//span[text()="个人中心"] 的文本内容。
 Thu, 13 Dec 2018 15:45:51  INFO basepage.py find_element_wait_and_focus [ line:61 ] 开始查找元素：xpath=//span[text()="个人中心"]
 Thu, 13 Dec 2018 15:45:51  INFO basepage.py wait_eleVisible [ line:22 ] 等待元素可见：//span[text()="个人中心"],起始时间：2018-12-13 15:45:51.965944,等待时长：0
 Thu, 13 Dec 2018 15:45:51  INFO basepage.py focus [ line:196 ] 个人中心页面：滚动元素xpath=//span[text()="个人中心"] 到可见区域
 Thu, 13 Dec 2018 15:45:51  INFO basepage.py find_element [ line:50 ] 开始查找元素：xpath=//span[text()="个人中心"]
 Thu, 13 Dec 2018 15:45:52  INFO test_login.py test_login_success [ line:26 ] 登录成功
 Thu, 13 Dec 2018 15:45:52  INFO conftest.py page [ line:24 ] ----------------测试结束-----------------
 Thu, 13 Dec 2018 15:45:52  INFO conftest.py page [ line:14 ] ----------------测试开始-----------------
 Thu, 13 Dec 2018 15:45:56  INFO basepage.py wait_eleVisible [ line:22 ] 等待元素可见：//input[@placeholder="请输入您的手机号"],起始时间：2018-12-13 15:45:56.005472,等待时长：0
 Thu, 13 Dec 2018 15:45:56  INFO basepage.py find_element_wait_and_focus [ line:61 ] 开始查找元素：xpath=//input[@placeholder="请输入您的手机号"]
 Thu, 13 Dec 2018 15:45:56  INFO basepage.py wait_eleVisible [ line:22 ] 等待元素可见：//input[@placeholder="请输入您的手机号"],起始时间：2018-12-13 15:45:56.600680,等待时长：0
 Thu, 13 Dec 2018 15:45:56  INFO basepage.py focus [ line:196 ] 登录页面_登录操作：滚动元素xpath=//input[@placeholder="请输入您的手机号"] 到可见区域
 Thu, 13 Dec 2018 15:45:56  INFO basepage.py find_element [ line:50 ] 开始查找元素：xpath=//input[@placeholder="请输入您的手机号"]
 Thu, 13 Dec 2018 15:45:56  INFO basepage.py find_element_wait_and_focus [ line:61 ] 开始查找元素：xpath=//input[@placeholder="请输入密码"]
 Thu, 13 Dec 2018 15:45:56  INFO basepage.py wait_eleVisible [ line:22 ] 等待元素可见：//input[@placeholder="请输入密码"],起始时间：2018-12-13 15:45:56.746905,等待时长：0
 Thu, 13 Dec 2018 15:45:56  INFO basepage.py focus [ line:196 ] 登录页面_登录操作：滚动元素xpath=//input[@placeholder="请输入密码"] 到可见区域
 Thu, 13 Dec 2018 15:45:56  INFO basepage.py find_element [ line:50 ] 开始查找元素：xpath=//input[@placeholder="请输入密码"]
 Thu, 13 Dec 2018 15:45:56  INFO basepage.py click_element [ line:102 ] 执行点击操作！
 Thu, 13 Dec 2018 15:45:56  INFO basepage.py find_element_wait_and_focus [ line:61 ] 开始查找元素：xpath=//button[@class="mint-button mint-button--primary mint-button--large"]
 Thu, 13 Dec 2018 15:45:56  INFO basepage.py wait_eleVisible [ line:22 ] 等待元素可见：//button[@class="mint-button mint-button--primary mint-button--large"],起始时间：2018-12-13 15:45:56.864303,等待时长：0
 Thu, 13 Dec 2018 15:45:56  INFO basepage.py focus [ line:196 ] 登录页面_登录操作：滚动元素xpath=//button[@class="mint-button mint-button--primary mint-button--large"] 到可见区域
 Thu, 13 Dec 2018 15:45:56  INFO basepage.py find_element [ line:50 ] 开始查找元素：xpath=//button[@class="mint-button mint-button--primary mint-button--large"]
 Thu, 13 Dec 2018 15:45:56  INFO test_login.py test_usernotin [ line:38 ] 开始断言
 Thu, 13 Dec 2018 15:45:56  INFO basepage.py get_text [ line:177 ] 登录页面_toast：获取元素xpath=//div[@class="bodyToast"] 的文本内容。
 Thu, 13 Dec 2018 15:45:56  INFO basepage.py find_element_wait_and_focus [ line:61 ] 开始查找元素：xpath=//div[@class="bodyToast"]
 Thu, 13 Dec 2018 15:45:57  INFO basepage.py wait_eleVisible [ line:22 ] 等待元素可见：//div[@class="bodyToast"],起始时间：2018-12-13 15:45:56.950752,等待时长：0
 Thu, 13 Dec 2018 15:45:57  INFO basepage.py focus [ line:196 ] 登录页面_toast：滚动元素xpath=//div[@class="bodyToast"] 到可见区域
 Thu, 13 Dec 2018 15:45:57  INFO basepage.py find_element [ line:50 ] 开始查找元素：xpath=//div[@class="bodyToast"]
 Thu, 13 Dec 2018 15:45:57  INFO test_login.py test_usernotin [ line:42 ] 断言成功
 Thu, 13 Dec 2018 15:45:57  INFO conftest.py page [ line:24 ] ----------------测试结束-----------------
 Thu, 13 Dec 2018 15:45:57  INFO conftest.py page [ line:14 ] ----------------测试开始-----------------
 Thu, 13 Dec 2018 15:46:00  INFO basepage.py wait_eleVisible [ line:22 ] 等待元素可见：//input[@placeholder="请输入您的手机号"],起始时间：2018-12-13 15:46:00.773992,等待时长：0
 Thu, 13 Dec 2018 15:46:00  INFO basepage.py find_element_wait_and_focus [ line:61 ] 开始查找元素：xpath=//input[@placeholder="请输入您的手机号"]
 Thu, 13 Dec 2018 15:46:00  INFO basepage.py wait_eleVisible [ line:22 ] 等待元素可见：//input[@placeholder="请输入您的手机号"],起始时间：2018-12-13 15:46:00.895011,等待时长：0
 Thu, 13 Dec 2018 15:46:00  INFO basepage.py focus [ line:196 ] 登录页面_登录操作：滚动元素xpath=//input[@placeholder="请输入您的手机号"] 到可见区域
 Thu, 13 Dec 2018 15:46:00  INFO basepage.py find_element [ line:50 ] 开始查找元素：xpath=//input[@placeholder="请输入您的手机号"]
 Thu, 13 Dec 2018 15:46:00  INFO basepage.py find_element_wait_and_focus [ line:61 ] 开始查找元素：xpath=//input[@placeholder="请输入密码"]
 Thu, 13 Dec 2018 15:46:01  INFO basepage.py wait_eleVisible [ line:22 ] 等待元素可见：//input[@placeholder="请输入密码"],起始时间：2018-12-13 15:46:00.986711,等待时长：0
 Thu, 13 Dec 2018 15:46:01  INFO basepage.py focus [ line:196 ] 登录页面_登录操作：滚动元素xpath=//input[@placeholder="请输入密码"] 到可见区域
 Thu, 13 Dec 2018 15:46:01  INFO basepage.py find_element [ line:50 ] 开始查找元素：xpath=//input[@placeholder="请输入密码"]
 Thu, 13 Dec 2018 15:46:01  INFO basepage.py click_element [ line:102 ] 执行点击操作！
 Thu, 13 Dec 2018 15:46:01  INFO basepage.py find_element_wait_and_focus [ line:61 ] 开始查找元素：xpath=//button[@class="mint-button mint-button--primary mint-button--large"]
 Thu, 13 Dec 2018 15:46:01  INFO basepage.py wait_eleVisible [ line:22 ] 等待元素可见：//button[@class="mint-button mint-button--primary mint-button--large"],起始时间：2018-12-13 15:46:01.124210,等待时长：0
 Thu, 13 Dec 2018 15:46:01  INFO basepage.py focus [ line:196 ] 登录页面_登录操作：滚动元素xpath=//button[@class="mint-button mint-button--primary mint-button--large"] 到可见区域
 Thu, 13 Dec 2018 15:46:01  INFO basepage.py find_element [ line:50 ] 开始查找元素：xpath=//button[@class="mint-button mint-button--primary mint-button--large"]
 Thu, 13 Dec 2018 15:46:01  INFO test_login.py test_usernotin [ line:38 ] 开始断言
 Thu, 13 Dec 2018 15:46:01  INFO basepage.py get_text [ line:177 ] 登录页面_toast：获取元素xpath=//div[@class="bodyToast"] 的文本内容。
 Thu, 13 Dec 2018 15:46:01  INFO basepage.py find_element_wait_and_focus [ line:61 ] 开始查找元素：xpath=//div[@class="bodyToast"]
 Thu, 13 Dec 2018 15:46:01  INFO basepage.py wait_eleVisible [ line:22 ] 等待元素可见：//div[@class="bodyToast"],起始时间：2018-12-13 15:46:01.209821,等待时长：0
 Thu, 13 Dec 2018 15:46:01  INFO basepage.py focus [ line:196 ] 登录页面_toast：滚动元素xpath=//div[@class="bodyToast"] 到可见区域
 Thu, 13 Dec 2018 15:46:01  INFO basepage.py find_element [ line:50 ] 开始查找元素：xpath=//div[@class="bodyToast"]
 Thu, 13 Dec 2018 15:46:01  INFO test_login.py test_usernotin [ line:42 ] 断言成功
 Thu, 13 Dec 2018 15:46:01  INFO conftest.py page [ line:24 ] ----------------测试结束-----------------
 Thu, 13 Dec 2018 15:46:01  INFO conftest.py page [ line:14 ] ----------------测试开始-----------------
 Thu, 13 Dec 2018 15:46:05  INFO basepage.py wait_eleVisible [ line:22 ] 等待元素可见：//input[@placeholder="请输入您的手机号"],起始时间：2018-12-13 15:46:04.952667,等待时长：0
 Thu, 13 Dec 2018 15:46:05  INFO basepage.py find_element_wait_and_focus [ line:61 ] 开始查找元素：xpath=//input[@placeholder="请输入您的手机号"]
 Thu, 13 Dec 2018 15:46:05  INFO basepage.py wait_eleVisible [ line:22 ] 等待元素可见：//input[@placeholder="请输入您的手机号"],起始时间：2018-12-13 15:46:05.068055,等待时长：0
 Thu, 13 Dec 2018 15:46:05  INFO basepage.py focus [ line:196 ] 登录页面_登录操作：滚动元素xpath=//input[@placeholder="请输入您的手机号"] 到可见区域
 Thu, 13 Dec 2018 15:46:05  INFO basepage.py find_element [ line:50 ] 开始查找元素：xpath=//input[@placeholder="请输入您的手机号"]
 Thu, 13 Dec 2018 15:46:05  INFO basepage.py find_element_wait_and_focus [ line:61 ] 开始查找元素：xpath=//input[@placeholder="请输入密码"]
 Thu, 13 Dec 2018 15:46:05  INFO basepage.py wait_eleVisible [ line:22 ] 等待元素可见：//input[@placeholder="请输入密码"],起始时间：2018-12-13 15:46:05.221667,等待时长：0
 Thu, 13 Dec 2018 15:46:05  INFO basepage.py focus [ line:196 ] 登录页面_登录操作：滚动元素xpath=//input[@placeholder="请输入密码"] 到可见区域
 Thu, 13 Dec 2018 15:46:05  INFO basepage.py find_element [ line:50 ] 开始查找元素：xpath=//input[@placeholder="请输入密码"]
 Thu, 13 Dec 2018 15:46:05  INFO basepage.py click_element [ line:102 ] 执行点击操作！
 Thu, 13 Dec 2018 15:46:05  INFO basepage.py find_element_wait_and_focus [ line:61 ] 开始查找元素：xpath=//button[@class="mint-button mint-button--primary mint-button--large"]
 Thu, 13 Dec 2018 15:46:05  INFO basepage.py wait_eleVisible [ line:22 ] 等待元素可见：//button[@class="mint-button mint-button--primary mint-button--large"],起始时间：2018-12-13 15:46:05.336513,等待时长：0
 Thu, 13 Dec 2018 15:46:05  INFO basepage.py focus [ line:196 ] 登录页面_登录操作：滚动元素xpath=//button[@class="mint-button mint-button--primary mint-button--large"] 到可见区域
 Thu, 13 Dec 2018 15:46:05  INFO basepage.py find_element [ line:50 ] 开始查找元素：xpath=//button[@class="mint-button mint-button--primary mint-button--large"]
 Thu, 13 Dec 2018 15:46:05  INFO test_login.py test_usernotin [ line:38 ] 开始断言
 Thu, 13 Dec 2018 15:46:05  INFO basepage.py get_text [ line:177 ] 登录页面_toast：获取元素xpath=//div[@class="bodyToast"] 的文本内容。
 Thu, 13 Dec 2018 15:46:05  INFO basepage.py find_element_wait_and_focus [ line:61 ] 开始查找元素：xpath=//div[@class="bodyToast"]
 Thu, 13 Dec 2018 15:46:05  INFO basepage.py wait_eleVisible [ line:22 ] 等待元素可见：//div[@class="bodyToast"],起始时间：2018-12-13 15:46:05.417915,等待时长：0
 Thu, 13 Dec 2018 15:46:05  INFO basepage.py focus [ line:196 ] 登录页面_toast：滚动元素xpath=//div[@class="bodyToast"] 到可见区域
 Thu, 13 Dec 2018 15:46:05  INFO basepage.py find_element [ line:50 ] 开始查找元素：xpath=//div[@class="bodyToast"]
 Thu, 13 Dec 2018 15:46:05  INFO test_login.py test_usernotin [ line:42 ] 断言成功
 Thu, 13 Dec 2018 15:46:05  INFO conftest.py page [ line:24 ] ----------------测试结束-----------------
 Thu, 13 Dec 2018 15:46:05  INFO conftest.py page [ line:14 ] ----------------测试开始-----------------
 Thu, 13 Dec 2018 15:46:10  INFO basepage.py wait_eleVisible [ line:22 ] 等待元素可见：//input[@placeholder="请输入您的手机号"],起始时间：2018-12-13 15:46:09.889372,等待时长：0
 Thu, 13 Dec 2018 15:46:10  INFO basepage.py find_element_wait_and_focus [ line:61 ] 开始查找元素：xpath=//input[@placeholder="请输入您的手机号"]
 Thu, 13 Dec 2018 15:46:10  INFO basepage.py wait_eleVisible [ line:22 ] 等待元素可见：//input[@placeholder="请输入您的手机号"],起始时间：2018-12-13 15:46:10.013947,等待时长：0
 Thu, 13 Dec 2018 15:46:10  INFO basepage.py focus [ line:196 ] 登录页面_登录操作：滚动元素xpath=//input[@placeholder="请输入您的手机号"] 到可见区域
 Thu, 13 Dec 2018 15:46:10  INFO basepage.py find_element [ line:50 ] 开始查找元素：xpath=//input[@placeholder="请输入您的手机号"]
 Thu, 13 Dec 2018 15:46:10  INFO basepage.py find_element_wait_and_focus [ line:61 ] 开始查找元素：xpath=//input[@placeholder="请输入密码"]
 Thu, 13 Dec 2018 15:46:10  INFO basepage.py wait_eleVisible [ line:22 ] 等待元素可见：//input[@placeholder="请输入密码"],起始时间：2018-12-13 15:46:10.169184,等待时长：0
 Thu, 13 Dec 2018 15:46:10  INFO basepage.py focus [ line:196 ] 登录页面_登录操作：滚动元素xpath=//input[@placeholder="请输入密码"] 到可见区域
 Thu, 13 Dec 2018 15:46:10  INFO basepage.py find_element [ line:50 ] 开始查找元素：xpath=//input[@placeholder="请输入密码"]
 Thu, 13 Dec 2018 15:46:10  INFO basepage.py click_element [ line:102 ] 执行点击操作！
 Thu, 13 Dec 2018 15:46:10  INFO basepage.py find_element_wait_and_focus [ line:61 ] 开始查找元素：xpath=//button[@class="mint-button mint-button--primary mint-button--large"]
 Thu, 13 Dec 2018 15:46:10  INFO basepage.py wait_eleVisible [ line:22 ] 等待元素可见：//button[@class="mint-button mint-button--primary mint-button--large"],起始时间：2018-12-13 15:46:10.285862,等待时长：0
 Thu, 13 Dec 2018 15:46:10  INFO basepage.py focus [ line:196 ] 登录页面_登录操作：滚动元素xpath=//button[@class="mint-button mint-button--primary mint-button--large"] 到可见区域
 Thu, 13 Dec 2018 15:46:10  INFO basepage.py find_element [ line:50 ] 开始查找元素：xpath=//button[@class="mint-button mint-button--primary mint-button--large"]
 Thu, 13 Dec 2018 15:46:10  INFO test_login.py test_usernotin [ line:38 ] 开始断言
 Thu, 13 Dec 2018 15:46:10  INFO basepage.py get_text [ line:177 ] 登录页面_toast：获取元素xpath=//div[@class="bodyToast"] 的文本内容。
 Thu, 13 Dec 2018 15:46:10  INFO basepage.py find_element_wait_and_focus [ line:61 ] 开始查找元素：xpath=//div[@class="bodyToast"]
 Thu, 13 Dec 2018 15:46:10  INFO basepage.py wait_eleVisible [ line:22 ] 等待元素可见：//div[@class="bodyToast"],起始时间：2018-12-13 15:46:10.369042,等待时长：0
 Thu, 13 Dec 2018 15:46:10  INFO basepage.py focus [ line:196 ] 登录页面_toast：滚动元素xpath=//div[@class="bodyToast"] 到可见区域
 Thu, 13 Dec 2018 15:46:10  INFO basepage.py find_element [ line:50 ] 开始查找元素：xpath=//div[@class="bodyToast"]
 Thu, 13 Dec 2018 15:46:10  INFO test_login.py test_usernotin [ line:42 ] 断言成功
 Thu, 13 Dec 2018 15:46:10  INFO conftest.py page [ line:24 ] ----------------测试结束-----------------
 Thu, 13 Dec 2018 15:47:49  INFO conftest.py page [ line:14 ] ----------------测试开始-----------------
 Thu, 13 Dec 2018 15:47:55  INFO basepage.py wait_eleVisible [ line:22 ] 等待元素可见：//input[@placeholder="请输入您的手机号"],起始时间：2018-12-13 15:47:55.755482,等待时长：0
 Thu, 13 Dec 2018 15:47:55  INFO basepage.py find_element_wait_and_focus [ line:61 ] 开始查找元素：xpath=//input[@placeholder="请输入您的手机号"]
 Thu, 13 Dec 2018 15:47:55  INFO basepage.py wait_eleVisible [ line:22 ] 等待元素可见：//input[@placeholder="请输入您的手机号"],起始时间：2018-12-13 15:47:55.930815,等待时长：0
 Thu, 13 Dec 2018 15:47:55  INFO basepage.py focus [ line:196 ] 登录页面_登录操作：滚动元素xpath=//input[@placeholder="请输入您的手机号"] 到可见区域
 Thu, 13 Dec 2018 15:47:55  INFO basepage.py find_element [ line:50 ] 开始查找元素：xpath=//input[@placeholder="请输入您的手机号"]
 Thu, 13 Dec 2018 15:47:56  INFO basepage.py find_element_wait_and_focus [ line:61 ] 开始查找元素：xpath=//input[@placeholder="请输入密码"]
 Thu, 13 Dec 2018 15:47:56  INFO basepage.py wait_eleVisible [ line:22 ] 等待元素可见：//input[@placeholder="请输入密码"],起始时间：2018-12-13 15:47:56.065528,等待时长：0
 Thu, 13 Dec 2018 15:47:56  INFO basepage.py focus [ line:196 ] 登录页面_登录操作：滚动元素xpath=//input[@placeholder="请输入密码"] 到可见区域
 Thu, 13 Dec 2018 15:47:56  INFO basepage.py find_element [ line:50 ] 开始查找元素：xpath=//input[@placeholder="请输入密码"]
 Thu, 13 Dec 2018 15:47:56  INFO basepage.py click_element [ line:102 ] 执行点击操作！
 Thu, 13 Dec 2018 15:47:56  INFO basepage.py find_element_wait_and_focus [ line:61 ] 开始查找元素：xpath=//button[@class="mint-button mint-button--primary mint-button--large"]
 Thu, 13 Dec 2018 15:47:56  INFO basepage.py wait_eleVisible [ line:22 ] 等待元素可见：//button[@class="mint-button mint-button--primary mint-button--large"],起始时间：2018-12-13 15:47:56.183117,等待时长：0
 Thu, 13 Dec 2018 15:47:56  INFO basepage.py focus [ line:196 ] 登录页面_登录操作：滚动元素xpath=//button[@class="mint-button mint-button--primary mint-button--large"] 到可见区域
 Thu, 13 Dec 2018 15:47:56  INFO basepage.py find_element [ line:50 ] 开始查找元素：xpath=//button[@class="mint-button mint-button--primary mint-button--large"]
 Thu, 13 Dec 2018 15:47:56  INFO test_login.py test_login_success [ line:21 ] 开始断言
 Thu, 13 Dec 2018 15:47:57  INFO basepage.py wait_eleVisible [ line:22 ] 等待元素可见：//span[text()="个人中心"],起始时间：2018-12-13 15:47:56.269365,等待时长：1
 Thu, 13 Dec 2018 15:47:57  INFO basepage.py get_text [ line:177 ] 个人中心页面：获取元素xpath=//span[text()="个人中心"] 的文本内容。
 Thu, 13 Dec 2018 15:47:57  INFO basepage.py find_element_wait_and_focus [ line:61 ] 开始查找元素：xpath=//span[text()="个人中心"]
 Thu, 13 Dec 2018 15:47:57  INFO basepage.py wait_eleVisible [ line:22 ] 等待元素可见：//span[text()="个人中心"],起始时间：2018-12-13 15:47:57.320012,等待时长：0
 Thu, 13 Dec 2018 15:47:57  INFO basepage.py focus [ line:196 ] 个人中心页面：滚动元素xpath=//span[text()="个人中心"] 到可见区域
 Thu, 13 Dec 2018 15:47:57  INFO basepage.py find_element [ line:50 ] 开始查找元素：xpath=//span[text()="个人中心"]
 Thu, 13 Dec 2018 15:47:57  INFO test_login.py test_login_success [ line:26 ] 登录成功
 Thu, 13 Dec 2018 15:47:57  INFO conftest.py page [ line:24 ] ----------------测试结束-----------------
 Thu, 13 Dec 2018 15:47:57  INFO conftest.py page [ line:14 ] ----------------测试开始-----------------
 Thu, 13 Dec 2018 15:48:01  INFO basepage.py wait_eleVisible [ line:22 ] 等待元素可见：//input[@placeholder="请输入您的手机号"],起始时间：2018-12-13 15:48:01.131791,等待时长：0
 Thu, 13 Dec 2018 15:48:01  INFO basepage.py find_element_wait_and_focus [ line:61 ] 开始查找元素：xpath=//input[@placeholder="请输入您的手机号"]
 Thu, 13 Dec 2018 15:48:01  INFO basepage.py wait_eleVisible [ line:22 ] 等待元素可见：//input[@placeholder="请输入您的手机号"],起始时间：2018-12-13 15:48:01.243532,等待时长：0
 Thu, 13 Dec 2018 15:48:01  INFO basepage.py focus [ line:196 ] 登录页面_登录操作：滚动元素xpath=//input[@placeholder="请输入您的手机号"] 到可见区域
 Thu, 13 Dec 2018 15:48:01  INFO basepage.py find_element [ line:50 ] 开始查找元素：xpath=//input[@placeholder="请输入您的手机号"]
 Thu, 13 Dec 2018 15:48:01  INFO basepage.py find_element_wait_and_focus [ line:61 ] 开始查找元素：xpath=//input[@placeholder="请输入密码"]
 Thu, 13 Dec 2018 15:48:01  INFO basepage.py wait_eleVisible [ line:22 ] 等待元素可见：//input[@placeholder="请输入密码"],起始时间：2018-12-13 15:48:01.387169,等待时长：0
 Thu, 13 Dec 2018 15:48:01  INFO basepage.py focus [ line:196 ] 登录页面_登录操作：滚动元素xpath=//input[@placeholder="请输入密码"] 到可见区域
 Thu, 13 Dec 2018 15:48:01  INFO basepage.py find_element [ line:50 ] 开始查找元素：xpath=//input[@placeholder="请输入密码"]
 Thu, 13 Dec 2018 15:48:01  INFO basepage.py click_element [ line:102 ] 执行点击操作！
 Thu, 13 Dec 2018 15:48:01  INFO basepage.py find_element_wait_and_focus [ line:61 ] 开始查找元素：xpath=//button[@class="mint-button mint-button--primary mint-button--large"]
 Thu, 13 Dec 2018 15:48:01  INFO basepage.py wait_eleVisible [ line:22 ] 等待元素可见：//button[@class="mint-button mint-button--primary mint-button--large"],起始时间：2018-12-13 15:48:01.499855,等待时长：0
 Thu, 13 Dec 2018 15:48:01  INFO basepage.py focus [ line:196 ] 登录页面_登录操作：滚动元素xpath=//button[@class="mint-button mint-button--primary mint-button--large"] 到可见区域
 Thu, 13 Dec 2018 15:48:01  INFO basepage.py find_element [ line:50 ] 开始查找元素：xpath=//button[@class="mint-button mint-button--primary mint-button--large"]
 Thu, 13 Dec 2018 15:48:01  INFO test_login.py test_usernotin [ line:38 ] 开始断言
 Thu, 13 Dec 2018 15:48:01  INFO basepage.py get_text [ line:177 ] 登录页面_toast：获取元素xpath=//div[@class="bodyToast"] 的文本内容。
 Thu, 13 Dec 2018 15:48:01  INFO basepage.py find_element_wait_and_focus [ line:61 ] 开始查找元素：xpath=//div[@class="bodyToast"]
 Thu, 13 Dec 2018 15:48:02  INFO basepage.py wait_eleVisible [ line:22 ] 等待元素可见：//div[@class="bodyToast"],起始时间：2018-12-13 15:48:01.583900,等待时长：0
 Thu, 13 Dec 2018 15:48:02  INFO basepage.py focus [ line:196 ] 登录页面_toast：滚动元素xpath=//div[@class="bodyToast"] 到可见区域
 Thu, 13 Dec 2018 15:48:02  INFO basepage.py find_element [ line:50 ] 开始查找元素：xpath=//div[@class="bodyToast"]
 Thu, 13 Dec 2018 15:48:02  INFO test_login.py test_usernotin [ line:42 ] 断言成功
 Thu, 13 Dec 2018 15:48:02  INFO conftest.py page [ line:24 ] ----------------测试结束-----------------
 Thu, 13 Dec 2018 15:48:02  INFO conftest.py page [ line:14 ] ----------------测试开始-----------------
 Thu, 13 Dec 2018 15:48:05  INFO basepage.py wait_eleVisible [ line:22 ] 等待元素可见：//input[@placeholder="请输入您的手机号"],起始时间：2018-12-13 15:48:05.210945,等待时长：0
 Thu, 13 Dec 2018 15:48:05  INFO basepage.py find_element_wait_and_focus [ line:61 ] 开始查找元素：xpath=//input[@placeholder="请输入您的手机号"]
 Thu, 13 Dec 2018 15:48:05  INFO basepage.py wait_eleVisible [ line:22 ] 等待元素可见：//input[@placeholder="请输入您的手机号"],起始时间：2018-12-13 15:48:05.335141,等待时长：0
 Thu, 13 Dec 2018 15:48:05  INFO basepage.py focus [ line:196 ] 登录页面_登录操作：滚动元素xpath=//input[@placeholder="请输入您的手机号"] 到可见区域
 Thu, 13 Dec 2018 15:48:05  INFO basepage.py find_element [ line:50 ] 开始查找元素：xpath=//input[@placeholder="请输入您的手机号"]
 Thu, 13 Dec 2018 15:48:05  INFO basepage.py find_element_wait_and_focus [ line:61 ] 开始查找元素：xpath=//input[@placeholder="请输入密码"]
 Thu, 13 Dec 2018 15:48:05  INFO basepage.py wait_eleVisible [ line:22 ] 等待元素可见：//input[@placeholder="请输入密码"],起始时间：2018-12-13 15:48:05.424246,等待时长：0
 Thu, 13 Dec 2018 15:48:05  INFO basepage.py focus [ line:196 ] 登录页面_登录操作：滚动元素xpath=//input[@placeholder="请输入密码"] 到可见区域
 Thu, 13 Dec 2018 15:48:05  INFO basepage.py find_element [ line:50 ] 开始查找元素：xpath=//input[@placeholder="请输入密码"]
 Thu, 13 Dec 2018 15:48:05  INFO basepage.py click_element [ line:102 ] 执行点击操作！
 Thu, 13 Dec 2018 15:48:05  INFO basepage.py find_element_wait_and_focus [ line:61 ] 开始查找元素：xpath=//button[@class="mint-button mint-button--primary mint-button--large"]
 Thu, 13 Dec 2018 15:48:05  INFO basepage.py wait_eleVisible [ line:22 ] 等待元素可见：//button[@class="mint-button mint-button--primary mint-button--large"],起始时间：2018-12-13 15:48:05.554214,等待时长：0
 Thu, 13 Dec 2018 15:48:05  INFO basepage.py focus [ line:196 ] 登录页面_登录操作：滚动元素xpath=//button[@class="mint-button mint-button--primary mint-button--large"] 到可见区域
 Thu, 13 Dec 2018 15:48:05  INFO basepage.py find_element [ line:50 ] 开始查找元素：xpath=//button[@class="mint-button mint-button--primary mint-button--large"]
 Thu, 13 Dec 2018 15:48:05  INFO test_login.py test_usernotin [ line:38 ] 开始断言
 Thu, 13 Dec 2018 15:48:05  INFO basepage.py get_text [ line:177 ] 登录页面_toast：获取元素xpath=//div[@class="bodyToast"] 的文本内容。
 Thu, 13 Dec 2018 15:48:05  INFO basepage.py find_element_wait_and_focus [ line:61 ] 开始查找元素：xpath=//div[@class="bodyToast"]
 Thu, 13 Dec 2018 15:48:05  INFO basepage.py wait_eleVisible [ line:22 ] 等待元素可见：//div[@class="bodyToast"],起始时间：2018-12-13 15:48:05.640640,等待时长：0
 Thu, 13 Dec 2018 15:48:05  INFO basepage.py focus [ line:196 ] 登录页面_toast：滚动元素xpath=//div[@class="bodyToast"] 到可见区域
 Thu, 13 Dec 2018 15:48:05  INFO basepage.py find_element [ line:50 ] 开始查找元素：xpath=//div[@class="bodyToast"]
 Thu, 13 Dec 2018 15:48:05  INFO test_login.py test_usernotin [ line:42 ] 断言成功
 Thu, 13 Dec 2018 15:48:05  INFO conftest.py page [ line:24 ] ----------------测试结束-----------------
 Thu, 13 Dec 2018 15:48:05  INFO conftest.py page [ line:14 ] ----------------测试开始-----------------
 Thu, 13 Dec 2018 15:48:09  INFO basepage.py wait_eleVisible [ line:22 ] 等待元素可见：//input[@placeholder="请输入您的手机号"],起始时间：2018-12-13 15:48:08.949262,等待时长：0
 Thu, 13 Dec 2018 15:48:09  INFO basepage.py find_element_wait_and_focus [ line:61 ] 开始查找元素：xpath=//input[@placeholder="请输入您的手机号"]
 Thu, 13 Dec 2018 15:48:09  INFO basepage.py wait_eleVisible [ line:22 ] 等待元素可见：//input[@placeholder="请输入您的手机号"],起始时间：2018-12-13 15:48:09.066105,等待时长：0
 Thu, 13 Dec 2018 15:48:09  INFO basepage.py focus [ line:196 ] 登录页面_登录操作：滚动元素xpath=//input[@placeholder="请输入您的手机号"] 到可见区域
 Thu, 13 Dec 2018 15:48:09  INFO basepage.py find_element [ line:50 ] 开始查找元素：xpath=//input[@placeholder="请输入您的手机号"]
 Thu, 13 Dec 2018 15:48:09  INFO basepage.py find_element_wait_and_focus [ line:61 ] 开始查找元素：xpath=//input[@placeholder="请输入密码"]
 Thu, 13 Dec 2018 15:48:09  INFO basepage.py wait_eleVisible [ line:22 ] 等待元素可见：//input[@placeholder="请输入密码"],起始时间：2018-12-13 15:48:09.244181,等待时长：0
 Thu, 13 Dec 2018 15:48:09  INFO basepage.py focus [ line:196 ] 登录页面_登录操作：滚动元素xpath=//input[@placeholder="请输入密码"] 到可见区域
 Thu, 13 Dec 2018 15:48:09  INFO basepage.py find_element [ line:50 ] 开始查找元素：xpath=//input[@placeholder="请输入密码"]
 Thu, 13 Dec 2018 15:48:09  INFO basepage.py click_element [ line:102 ] 执行点击操作！
 Thu, 13 Dec 2018 15:48:09  INFO basepage.py find_element_wait_and_focus [ line:61 ] 开始查找元素：xpath=//button[@class="mint-button mint-button--primary mint-button--large"]
 Thu, 13 Dec 2018 15:48:09  INFO basepage.py wait_eleVisible [ line:22 ] 等待元素可见：//button[@class="mint-button mint-button--primary mint-button--large"],起始时间：2018-12-13 15:48:09.350478,等待时长：0
 Thu, 13 Dec 2018 15:48:09  INFO basepage.py focus [ line:196 ] 登录页面_登录操作：滚动元素xpath=//button[@class="mint-button mint-button--primary mint-button--large"] 到可见区域
 Thu, 13 Dec 2018 15:48:09  INFO basepage.py find_element [ line:50 ] 开始查找元素：xpath=//button[@class="mint-button mint-button--primary mint-button--large"]
 Thu, 13 Dec 2018 15:48:09  INFO test_login.py test_usernotin [ line:38 ] 开始断言
 Thu, 13 Dec 2018 15:48:09  INFO basepage.py get_text [ line:177 ] 登录页面_toast：获取元素xpath=//div[@class="bodyToast"] 的文本内容。
 Thu, 13 Dec 2018 15:48:09  INFO basepage.py find_element_wait_and_focus [ line:61 ] 开始查找元素：xpath=//div[@class="bodyToast"]
 Thu, 13 Dec 2018 15:48:09  INFO basepage.py wait_eleVisible [ line:22 ] 等待元素可见：//div[@class="bodyToast"],起始时间：2018-12-13 15:48:09.433684,等待时长：0
 Thu, 13 Dec 2018 15:48:09  INFO basepage.py focus [ line:196 ] 登录页面_toast：滚动元素xpath=//div[@class="bodyToast"] 到可见区域
 Thu, 13 Dec 2018 15:48:09  INFO basepage.py find_element [ line:50 ] 开始查找元素：xpath=//div[@class="bodyToast"]
 Thu, 13 Dec 2018 15:48:09  INFO test_login.py test_usernotin [ line:42 ] 断言成功
 Thu, 13 Dec 2018 15:48:09  INFO conftest.py page [ line:24 ] ----------------测试结束-----------------
 Thu, 13 Dec 2018 15:48:09  INFO conftest.py page [ line:14 ] ----------------测试开始-----------------
 Thu, 13 Dec 2018 15:48:13  INFO basepage.py wait_eleVisible [ line:22 ] 等待元素可见：//input[@placeholder="请输入您的手机号"],起始时间：2018-12-13 15:48:13.334724,等待时长：0
 Thu, 13 Dec 2018 15:48:13  INFO basepage.py find_element_wait_and_focus [ line:61 ] 开始查找元素：xpath=//input[@placeholder="请输入您的手机号"]
 Thu, 13 Dec 2018 15:48:13  INFO basepage.py wait_eleVisible [ line:22 ] 等待元素可见：//input[@placeholder="请输入您的手机号"],起始时间：2018-12-13 15:48:13.447718,等待时长：0
 Thu, 13 Dec 2018 15:48:13  INFO basepage.py focus [ line:196 ] 登录页面_登录操作：滚动元素xpath=//input[@placeholder="请输入您的手机号"] 到可见区域
 Thu, 13 Dec 2018 15:48:13  INFO basepage.py find_element [ line:50 ] 开始查找元素：xpath=//input[@placeholder="请输入您的手机号"]
 Thu, 13 Dec 2018 15:48:13  INFO basepage.py find_element_wait_and_focus [ line:61 ] 开始查找元素：xpath=//input[@placeholder="请输入密码"]
 Thu, 13 Dec 2018 15:48:13  INFO basepage.py wait_eleVisible [ line:22 ] 等待元素可见：//input[@placeholder="请输入密码"],起始时间：2018-12-13 15:48:13.585503,等待时长：0
 Thu, 13 Dec 2018 15:48:13  INFO basepage.py focus [ line:196 ] 登录页面_登录操作：滚动元素xpath=//input[@placeholder="请输入密码"] 到可见区域
 Thu, 13 Dec 2018 15:48:13  INFO basepage.py find_element [ line:50 ] 开始查找元素：xpath=//input[@placeholder="请输入密码"]
 Thu, 13 Dec 2018 15:48:13  INFO basepage.py click_element [ line:102 ] 执行点击操作！
 Thu, 13 Dec 2018 15:48:13  INFO basepage.py find_element_wait_and_focus [ line:61 ] 开始查找元素：xpath=//button[@class="mint-button mint-button--primary mint-button--large"]
 Thu, 13 Dec 2018 15:48:13  INFO basepage.py wait_eleVisible [ line:22 ] 等待元素可见：//button[@class="mint-button mint-button--primary mint-button--large"],起始时间：2018-12-13 15:48:13.707773,等待时长：0
 Thu, 13 Dec 2018 15:48:13  INFO basepage.py focus [ line:196 ] 登录页面_登录操作：滚动元素xpath=//button[@class="mint-button mint-button--primary mint-button--large"] 到可见区域
 Thu, 13 Dec 2018 15:48:13  INFO basepage.py find_element [ line:50 ] 开始查找元素：xpath=//button[@class="mint-button mint-button--primary mint-button--large"]
 Thu, 13 Dec 2018 15:48:13  INFO test_login.py test_usernotin [ line:38 ] 开始断言
 Thu, 13 Dec 2018 15:48:13  INFO basepage.py get_text [ line:177 ] 登录页面_toast：获取元素xpath=//div[@class="bodyToast"] 的文本内容。
 Thu, 13 Dec 2018 15:48:13  INFO basepage.py find_element_wait_and_focus [ line:61 ] 开始查找元素：xpath=//div[@class="bodyToast"]
 Thu, 13 Dec 2018 15:48:14  INFO basepage.py wait_eleVisible [ line:22 ] 等待元素可见：//div[@class="bodyToast"],起始时间：2018-12-13 15:48:13.793020,等待时长：1
 Thu, 13 Dec 2018 15:48:14  INFO basepage.py focus [ line:196 ] 登录页面_toast：滚动元素xpath=//div[@class="bodyToast"] 到可见区域
 Thu, 13 Dec 2018 15:48:14  INFO basepage.py find_element [ line:50 ] 开始查找元素：xpath=//div[@class="bodyToast"]
 Thu, 13 Dec 2018 15:48:14  INFO test_login.py test_usernotin [ line:42 ] 断言成功
 Thu, 13 Dec 2018 15:48:14  INFO conftest.py page [ line:24 ] ----------------测试结束-----------------
 Thu, 13 Dec 2018 16:29:52  INFO conftest.py page [ line:14 ] ----------------测试开始-----------------
 Thu, 13 Dec 2018 16:29:56  INFO conftest.py page [ line:24 ] ----------------测试结束-----------------
 Thu, 13 Dec 2018 16:30:34  INFO conftest.py page [ line:14 ] ----------------测试开始-----------------
 Thu, 13 Dec 2018 16:30:40  INFO conftest.py page [ line:24 ] ----------------测试结束-----------------
 Thu, 13 Dec 2018 18:40:20  INFO conftest.py login [ line:31 ] ----------------测试开始-----------------
 Thu, 13 Dec 2018 18:40:25  INFO basepage.py wait_eleVisible [ line:22 ] 等待元素可见：//input[@placeholder="请输入您的手机号"],起始时间：2018-12-13 18:40:25.265019,等待时长：0
 Thu, 13 Dec 2018 18:40:25  INFO basepage.py find_element_wait_and_focus [ line:61 ] 开始查找元素：xpath=//input[@placeholder="请输入您的手机号"]
 Thu, 13 Dec 2018 18:40:25  INFO basepage.py wait_eleVisible [ line:22 ] 等待元素可见：//input[@placeholder="请输入您的手机号"],起始时间：2018-12-13 18:40:25.495226,等待时长：0
 Thu, 13 Dec 2018 18:40:25  INFO basepage.py focus [ line:196 ] 登录页面_登录操作：滚动元素xpath=//input[@placeholder="请输入您的手机号"] 到可见区域
 Thu, 13 Dec 2018 18:40:25  INFO basepage.py find_element [ line:50 ] 开始查找元素：xpath=//input[@placeholder="请输入您的手机号"]
 Thu, 13 Dec 2018 18:40:25  INFO basepage.py find_element_wait_and_focus [ line:61 ] 开始查找元素：xpath=//input[@placeholder="请输入密码"]
 Thu, 13 Dec 2018 18:40:25  INFO basepage.py wait_eleVisible [ line:22 ] 等待元素可见：//input[@placeholder="请输入密码"],起始时间：2018-12-13 18:40:25.627840,等待时长：0
 Thu, 13 Dec 2018 18:40:25  INFO basepage.py focus [ line:196 ] 登录页面_登录操作：滚动元素xpath=//input[@placeholder="请输入密码"] 到可见区域
 Thu, 13 Dec 2018 18:40:25  INFO basepage.py find_element [ line:50 ] 开始查找元素：xpath=//input[@placeholder="请输入密码"]
 Thu, 13 Dec 2018 18:40:25  INFO basepage.py click_element [ line:102 ] 执行点击操作！
 Thu, 13 Dec 2018 18:40:25  INFO basepage.py find_element_wait_and_focus [ line:61 ] 开始查找元素：xpath=//button[@class="mint-button mint-button--primary mint-button--large"]
 Thu, 13 Dec 2018 18:40:25  INFO basepage.py wait_eleVisible [ line:22 ] 等待元素可见：//button[@class="mint-button mint-button--primary mint-button--large"],起始时间：2018-12-13 18:40:25.745917,等待时长：0
 Thu, 13 Dec 2018 18:40:25  INFO basepage.py focus [ line:196 ] 登录页面_登录操作：滚动元素xpath=//button[@class="mint-button mint-button--primary mint-button--large"] 到可见区域
 Thu, 13 Dec 2018 18:40:25  INFO basepage.py find_element [ line:50 ] 开始查找元素：xpath=//button[@class="mint-button mint-button--primary mint-button--large"]
 Thu, 13 Dec 2018 18:40:27  INFO basepage.py click_element [ line:102 ] 执行点击操作！
 Thu, 13 Dec 2018 18:40:27  INFO basepage.py find_element_wait_and_focus [ line:61 ] 开始查找元素：xpath=//span[@class="cellTitle"]//span[text()="地址管理"]
